2023-06-05 17:27:00 INFO  Waitings:407 - TOTAL TIME that LOCATOR PANEL page was loading: 1.551 seconds.
2023-06-05 17:27:00 INFO  Waitings:407 - TOTAL TIME that GROUP SETTINGS PANEL page was loading: 0.032 seconds.
2023-06-05 17:27:00 INFO  Waitings:407 - TOTAL TIME that 'PAGE: DROPDOWN' page was loading: 0.024 seconds.
2023-06-05 17:27:01 INFO  Waitings:407 - TOTAL TIME that 'RESET TO DEFAULT CSR GROUPS PAGE' menu item page was loading: 0.025 seconds.
2023-06-05 17:27:02 INFO  LandingPage:1635 - SET TO DEFAULT menu item was SUCCESSFULLY clicked on.
2023-06-05 17:27:03 INFO  Waitings:86 - TOTAL TIME that the CSR GROUPS PAGE after clicking on 'SET TO DEFAULT' menu item on PERSONALIZATION dropdown page was loading: 1.069 seconds.
2023-06-05 17:27:04 INFO  LandingPage:2223 - Input 'PAGE:' has the default value of 'CSR Groups' AS EXPECTED.
2023-06-05 17:27:07 INFO  Locator_DocCompare:1459 - All required panels on the GROUP SETTINGS main page are displayed as EXPECTED.
2023-06-05 17:27:07 INFO  Locator_DocCompare:1524 - The ATTRIBUTE SELECTION input has the value of 'CSR Group ID' selected by default (AS EXPECTED).
2023-06-05 17:27:09 INFO  Waitings:86 - TOTAL TIME that the PERSONALIZATION POPUP page was loading: 1.536 seconds.
2023-06-05 17:27:11 INFO  LandingPage:209 - The 'SAVE' button (on 'PERSONALIZATION' popup) was clicked to save Default Settings.
2023-06-05 17:27:13 INFO  Waitings:86 - TOTAL TIME that the DATA COLLATION PAGE after closing PERSONALIZATION popup page was loading: 2.101 seconds.
2023-06-05 17:27:16 INFO  Locator_DocCompare:1086 - The 'SEARCH' button was SUCCESSFULLY clicked on.
2023-06-05 17:27:16 INFO  Waitings:407 - TOTAL TIME that RESULTS LIST TABLE page was loading: 0.204 seconds.
2023-06-05 17:27:17 INFO  Locator_DocCompare:1261 - The row with value of 'CSR - DNT' in column 'CSR GROUP ID' in SEARCH RESULTS table was SUCCESSFULLY found and CLICKED.
2023-06-05 17:27:18 INFO  Waitings:289 - TOTAL TIME that the START CSR ANALYSIS button web-element was loading: 1.077 seconds.
2023-06-05 17:27:19 INFO  CSR_AnalysisResults:1662 - The 'START CSR ANALYSIS' button (on 'CSR GROUP' page) was clicked.
2023-06-05 17:27:21 INFO  Waitings:40 - TOTAL TIME that the RESULTS OF CSR ANALYSIS popup -> RESULTS LIST table web-element was loading: 1.907 seconds.
2023-06-05 17:27:21 INFO  Waitings:40 - TOTAL TIME that the RESULTS OF CSR ANALYSIS popup -> LOG MESSAGES table web-element was loading: 0.097 seconds.
2023-06-05 17:27:21 INFO  CSR_AnalysisResults:1560 - The 'PERSONALIZATION' button for RESULTS OF CSR ANALYSIS -> RESULTS LIST table was SUCCESSFULLY clicked.
2023-06-05 17:27:23 INFO  Waitings:86 - TOTAL TIME that the PERSONALIZATION POPUP for RESULTS OF CSR ANALYSIS -> RESULTS LIST table page was loading: 1.477 seconds.
2023-06-05 17:27:24 INFO  CSR_AnalysisResults:1424 - The 'Set to Default' button (on 'PERSONALIZATION' popup for RESULTS OF CSR ANALYSIS -> RESULTS LIST table) was detected to be in DISABLED status BY DEFAULT.
2023-06-05 17:27:24 INFO  CSR_AnalysisResults:1433 - The 'Save' button (on 'PERSONALIZATION' popup for RESULTS OF CSR ANALYSIS -> RESULTS LIST table) was SUCCESSFULLY clicked.
2023-06-05 17:27:24 INFO  Waitings:40 - TOTAL TIME that the RESULTS OF CSR ANALYSIS popup -> RESULTS LIST table web-element was loading: 0.02 seconds.
2023-06-05 17:27:25 INFO  Waitings:86 - TOTAL TIME that the RESULTS OF CSR ANALYSIS popup -> LOG MESSAGES table page was loading: 1.052 seconds.
2023-06-05 17:27:26 INFO  CSR_AnalysisResults:1522 - The 'PERSONALIZATION' button for RESULTS OF CSR ANALYSIS -> LOG table was SUCCESSFULLY clicked.
2023-06-05 17:27:27 INFO  Waitings:86 - TOTAL TIME that the PERSONALIZATION POPUP for RESULTS OF CSR ANALYSIS -> LOG table page was loading: 1.412 seconds.
2023-06-05 17:27:28 INFO  CSR_AnalysisResults:1293 - The 'Set to Default' button (on 'PERSONALIZATION' popup for RESULTS OF CSR ANALYSIS -> LOG table) was detected to be in DISABLED status BY DEFAULT.
2023-06-05 17:27:28 INFO  CSR_AnalysisResults:1302 - The 'Save' button (on 'PERSONALIZATION' popup for RESULTS OF CSR ANALYSIS -> LOG table) was SUCCESSFULLY clicked.
2023-06-05 17:27:28 INFO  Waitings:40 - TOTAL TIME that the RESULTS OF CSR ANALYSIS popup -> RESULTS LIST table web-element was loading: 0.02 seconds.
2023-06-05 17:27:29 INFO  Waitings:86 - TOTAL TIME that the RESULTS OF CSR ANALYSIS popup -> LOG MESSAGES table page was loading: 1.043 seconds.
2023-06-05 17:27:33 INFO  Waitings:40 - TOTAL TIME that the NEXT DYNAMICALLY LOADED ROW in 'RESULTS LIST' Table web-element was loading: 0.016 seconds.
2023-06-05 17:27:33 INFO  Waitings:40 - TOTAL TIME that the NEXT DYNAMICALLY LOADED ROW in 'RESULTS LIST' Table web-element was loading: 0.029 seconds.
2023-06-05 17:27:33 INFO  Waitings:40 - TOTAL TIME that the NEXT DYNAMICALLY LOADED ROW in 'RESULTS LIST' Table web-element was loading: 0.074 seconds.
2023-06-05 17:27:33 INFO  Waitings:40 - TOTAL TIME that the NEXT DYNAMICALLY LOADED ROW in 'RESULTS LIST' Table web-element was loading: 0.038 seconds.
2023-06-05 17:27:33 INFO  Waitings:40 - TOTAL TIME that the NEXT DYNAMICALLY LOADED ROW in 'RESULTS LIST' Table web-element was loading: 0.031 seconds.
2023-06-05 17:27:33 INFO  Waitings:40 - TOTAL TIME that the NEXT DYNAMICALLY LOADED ROW in 'RESULTS LIST' Table web-element was loading: 0.016 seconds.
2023-06-05 17:27:33 INFO  Waitings:40 - TOTAL TIME that the NEXT DYNAMICALLY LOADED ROW in 'RESULTS LIST' Table web-element was loading: 0.028 seconds.
2023-06-05 17:27:33 INFO  Waitings:40 - TOTAL TIME that the NEXT DYNAMICALLY LOADED ROW in 'RESULTS LIST' Table web-element was loading: 0.026 seconds.
2023-06-05 17:27:33 INFO  Waitings:40 - TOTAL TIME that the NEXT DYNAMICALLY LOADED ROW in 'RESULTS LIST' Table web-element was loading: 0.021 seconds.
2023-06-05 17:27:33 INFO  Waitings:40 - TOTAL TIME that the NEXT DYNAMICALLY LOADED ROW in 'RESULTS LIST' Table web-element was loading: 0.022 seconds.
2023-06-05 17:27:33 INFO  Waitings:40 - TOTAL TIME that the NEXT DYNAMICALLY LOADED ROW in 'RESULTS LIST' Table web-element was loading: 0.021 seconds.
2023-06-05 17:27:33 INFO  Waitings:40 - TOTAL TIME that the NEXT DYNAMICALLY LOADED ROW in 'RESULTS LIST' Table web-element was loading: 0.016 seconds.
2023-06-05 17:27:36 INFO  CSR_AnalysisResults:119 - RETRIEVED UNIQUE 'MATERIALS before processing': RF02
2023-06-05 17:27:36 INFO  CSR_AnalysisResults:119 - RETRIEVED UNIQUE 'MATERIALS before processing': RF03
2023-06-05 17:27:36 INFO  CSR_AnalysisResults:119 - RETRIEVED UNIQUE 'MATERIALS before processing': RF01
2023-06-05 17:27:36 INFO  CSR_AnalysisResults:119 - RETRIEVED UNIQUE 'MATERIALS before processing': RF04
2023-06-05 17:27:38 INFO  Waitings:40 - TOTAL TIME that the NEXT DYNAMICALLY LOADED ROW in 'LOG MESSAGES' Table web-element was loading: 0.016 seconds.
2023-06-05 17:27:38 INFO  Waitings:40 - TOTAL TIME that the NEXT DYNAMICALLY LOADED ROW in 'LOG MESSAGES' Table web-element was loading: 0.022 seconds.
2023-06-05 17:27:38 INFO  Waitings:40 - TOTAL TIME that the NEXT DYNAMICALLY LOADED ROW in 'LOG MESSAGES' Table web-element was loading: 0.046 seconds.
2023-06-05 17:27:38 INFO  Waitings:40 - TOTAL TIME that the NEXT DYNAMICALLY LOADED ROW in 'LOG MESSAGES' Table web-element was loading: 0.027 seconds.
2023-06-05 17:27:38 INFO  Waitings:40 - TOTAL TIME that the NEXT DYNAMICALLY LOADED ROW in 'LOG MESSAGES' Table web-element was loading: 0.026 seconds.
2023-06-05 17:27:38 INFO  Waitings:40 - TOTAL TIME that the NEXT DYNAMICALLY LOADED ROW in 'LOG MESSAGES' Table web-element was loading: 0.014 seconds.
2023-06-05 17:27:38 INFO  Waitings:40 - TOTAL TIME that the NEXT DYNAMICALLY LOADED ROW in 'LOG MESSAGES' Table web-element was loading: 0.025 seconds.
2023-06-05 17:27:38 INFO  Waitings:40 - TOTAL TIME that the NEXT DYNAMICALLY LOADED ROW in 'LOG MESSAGES' Table web-element was loading: 0.025 seconds.
2023-06-05 17:27:38 INFO  Waitings:40 - TOTAL TIME that the NEXT DYNAMICALLY LOADED ROW in 'LOG MESSAGES' Table web-element was loading: 0.026 seconds.
2023-06-05 17:27:38 INFO  Waitings:40 - TOTAL TIME that the NEXT DYNAMICALLY LOADED ROW in 'LOG MESSAGES' Table web-element was loading: 0.025 seconds.
2023-06-05 17:27:38 INFO  Waitings:40 - TOTAL TIME that the NEXT DYNAMICALLY LOADED ROW in 'LOG MESSAGES' Table web-element was loading: 0.026 seconds.
2023-06-05 17:27:38 INFO  Waitings:40 - TOTAL TIME that the NEXT DYNAMICALLY LOADED ROW in 'LOG MESSAGES' Table web-element was loading: 0.015 seconds.
2023-06-05 17:27:38 INFO  Waitings:40 - TOTAL TIME that the NEXT DYNAMICALLY LOADED ROW in 'LOG MESSAGES' Table web-element was loading: 0.028 seconds.
2023-06-05 17:27:38 INFO  Waitings:40 - TOTAL TIME that the NEXT DYNAMICALLY LOADED ROW in 'LOG MESSAGES' Table web-element was loading: 0.03 seconds.
2023-06-05 17:27:38 INFO  Waitings:40 - TOTAL TIME that the NEXT DYNAMICALLY LOADED ROW in 'LOG MESSAGES' Table web-element was loading: 0.029 seconds.
2023-06-05 17:27:38 INFO  Waitings:40 - TOTAL TIME that the NEXT DYNAMICALLY LOADED ROW in 'LOG MESSAGES' Table web-element was loading: 0.03 seconds.
2023-06-05 17:27:38 INFO  Waitings:40 - TOTAL TIME that the NEXT DYNAMICALLY LOADED ROW in 'LOG MESSAGES' Table web-element was loading: 0.029 seconds.
2023-06-05 17:27:38 INFO  Waitings:40 - TOTAL TIME that the NEXT DYNAMICALLY LOADED ROW in 'LOG MESSAGES' Table web-element was loading: 0.016 seconds.
2023-06-05 17:27:39 INFO  Waitings:40 - TOTAL TIME that the NEXT DYNAMICALLY LOADED ROW in 'LOG MESSAGES' Table web-element was loading: 0.023 seconds.
2023-06-05 17:27:39 INFO  Waitings:40 - TOTAL TIME that the NEXT DYNAMICALLY LOADED ROW in 'LOG MESSAGES' Table web-element was loading: 0.023 seconds.
2023-06-05 17:27:39 INFO  Waitings:40 - TOTAL TIME that the NEXT DYNAMICALLY LOADED ROW in 'LOG MESSAGES' Table web-element was loading: 0.023 seconds.
2023-06-05 17:27:39 INFO  Waitings:40 - TOTAL TIME that the NEXT DYNAMICALLY LOADED ROW in 'LOG MESSAGES' Table web-element was loading: 0.015 seconds.
2023-06-05 17:27:39 WARN  CSR_AnalysisResults:280 - Retrieved 'Document number' consists of 2 instead of expected 20 digits!
2023-06-05 17:27:39 INFO  Waitings:40 - TOTAL TIME that the NEXT DYNAMICALLY LOADED ROW in 'LOG MESSAGES' Table web-element was loading: 0.025 seconds.
2023-06-05 17:27:39 WARN  CSR_AnalysisResults:280 - Retrieved 'Document number' consists of 0 instead of expected 20 digits!
2023-06-05 17:27:39 INFO  Waitings:40 - TOTAL TIME that the NEXT DYNAMICALLY LOADED ROW in 'LOG MESSAGES' Table web-element was loading: 0.025 seconds.
2023-06-05 17:27:39 WARN  CSR_AnalysisResults:280 - Retrieved 'Document number' consists of 2 instead of expected 20 digits!
2023-06-05 17:27:39 INFO  Waitings:40 - TOTAL TIME that the NEXT DYNAMICALLY LOADED ROW in 'LOG MESSAGES' Table web-element was loading: 0.025 seconds.
2023-06-05 17:27:39 WARN  CSR_AnalysisResults:280 - Retrieved 'Document number' consists of 2 instead of expected 20 digits!
2023-06-05 17:27:39 INFO  Waitings:40 - TOTAL TIME that the NEXT DYNAMICALLY LOADED ROW in 'LOG MESSAGES' Table web-element was loading: 0.025 seconds.
2023-06-05 17:27:39 INFO  CSR_AnalysisResults:278 - DOCUMENT NUMBER was successfully retrieved from the LOG table. It is equal to '00000000000000000550' 
2023-06-05 17:27:39 INFO  Waitings:40 - TOTAL TIME that the NEXT DYNAMICALLY LOADED ROW in 'LOG MESSAGES' Table web-element was loading: 0.015 seconds.
2023-06-05 17:27:40 INFO  CSR_AnalysisResults:278 - DOCUMENT NUMBER was successfully retrieved from the LOG table. It is equal to '00000000000000000551' 
2023-06-05 17:27:40 INFO  Waitings:40 - TOTAL TIME that the NEXT DYNAMICALLY LOADED ROW in 'LOG MESSAGES' Table web-element was loading: 0.025 seconds.
2023-06-05 17:27:40 INFO  CSR_AnalysisResults:278 - DOCUMENT NUMBER was successfully retrieved from the LOG table. It is equal to '00000000000000000552' 
2023-06-05 17:27:40 INFO  Waitings:40 - TOTAL TIME that the NEXT DYNAMICALLY LOADED ROW in 'LOG MESSAGES' Table web-element was loading: 0.025 seconds.
2023-06-05 17:27:40 INFO  CSR_AnalysisResults:278 - DOCUMENT NUMBER was successfully retrieved from the LOG table. It is equal to '00000000000000000553' 
2023-06-05 17:27:40 INFO  Waitings:40 - TOTAL TIME that the NEXT DYNAMICALLY LOADED ROW in 'LOG MESSAGES' Table web-element was loading: 0.023 seconds.
2023-06-05 17:27:40 INFO  CSR_AnalysisResults:278 - DOCUMENT NUMBER was successfully retrieved from the LOG table. It is equal to '00000000000000000550' 
2023-06-05 17:27:40 INFO  Waitings:40 - TOTAL TIME that the NEXT DYNAMICALLY LOADED ROW in 'LOG MESSAGES' Table web-element was loading: 0.024 seconds.
2023-06-05 17:27:40 WARN  CSR_AnalysisResults:280 - Retrieved 'Document number' consists of 0 instead of expected 20 digits!
2023-06-05 17:27:40 INFO  Waitings:40 - TOTAL TIME that the NEXT DYNAMICALLY LOADED ROW in 'LOG MESSAGES' Table web-element was loading: 0.022 seconds.
2023-06-05 17:27:40 INFO  CSR_AnalysisResults:278 - DOCUMENT NUMBER was successfully retrieved from the LOG table. It is equal to '00000000000000000550' 
2023-06-05 17:27:40 INFO  Waitings:40 - TOTAL TIME that the NEXT DYNAMICALLY LOADED ROW in 'LOG MESSAGES' Table web-element was loading: 0.016 seconds.
2023-06-05 17:27:40 INFO  CSR_AnalysisResults:278 - DOCUMENT NUMBER was successfully retrieved from the LOG table. It is equal to '00000000000000000551' 
2023-06-05 17:27:40 INFO  Waitings:40 - TOTAL TIME that the NEXT DYNAMICALLY LOADED ROW in 'LOG MESSAGES' Table web-element was loading: 0.022 seconds.
2023-06-05 17:27:40 INFO  CSR_AnalysisResults:278 - DOCUMENT NUMBER was successfully retrieved from the LOG table. It is equal to '00000000000000000552' 
2023-06-05 17:27:40 INFO  Waitings:40 - TOTAL TIME that the NEXT DYNAMICALLY LOADED ROW in 'LOG MESSAGES' Table web-element was loading: 0.024 seconds.
2023-06-05 17:27:40 INFO  CSR_AnalysisResults:278 - DOCUMENT NUMBER was successfully retrieved from the LOG table. It is equal to '00000000000000000553' 
2023-06-05 17:27:40 INFO  Waitings:40 - TOTAL TIME that the NEXT DYNAMICALLY LOADED ROW in 'LOG MESSAGES' Table web-element was loading: 0.025 seconds.
2023-06-05 17:27:40 INFO  CSR_AnalysisResults:278 - DOCUMENT NUMBER was successfully retrieved from the LOG table. It is equal to '00000000000000000550' 
2023-06-05 17:27:40 INFO  Waitings:40 - TOTAL TIME that the NEXT DYNAMICALLY LOADED ROW in 'LOG MESSAGES' Table web-element was loading: 0.026 seconds.
2023-06-05 17:27:40 INFO  CSR_AnalysisResults:278 - DOCUMENT NUMBER was successfully retrieved from the LOG table. It is equal to '00000000000000000550' 
2023-06-05 17:27:40 INFO  Waitings:40 - TOTAL TIME that the NEXT DYNAMICALLY LOADED ROW in 'LOG MESSAGES' Table web-element was loading: 0.026 seconds.
2023-06-05 17:27:40 INFO  CSR_AnalysisResults:278 - DOCUMENT NUMBER was successfully retrieved from the LOG table. It is equal to '00000000000000000551' 
2023-06-05 17:27:40 INFO  Waitings:40 - TOTAL TIME that the NEXT DYNAMICALLY LOADED ROW in 'LOG MESSAGES' Table web-element was loading: 0.015 seconds.
2023-06-05 17:27:40 INFO  CSR_AnalysisResults:278 - DOCUMENT NUMBER was successfully retrieved from the LOG table. It is equal to '00000000000000000552' 
2023-06-05 17:27:40 INFO  Waitings:40 - TOTAL TIME that the NEXT DYNAMICALLY LOADED ROW in 'LOG MESSAGES' Table web-element was loading: 0.02 seconds.
2023-06-05 17:27:40 INFO  CSR_AnalysisResults:278 - DOCUMENT NUMBER was successfully retrieved from the LOG table. It is equal to '00000000000000000553' 
2023-06-05 17:27:41 INFO  Waitings:40 - TOTAL TIME that the NEXT DYNAMICALLY LOADED ROW in 'LOG MESSAGES' Table web-element was loading: 0.018 seconds.
2023-06-05 17:27:41 INFO  CSR_AnalysisResults:278 - DOCUMENT NUMBER was successfully retrieved from the LOG table. It is equal to '00000000000000000550' 
2023-06-05 17:27:41 INFO  Waitings:40 - TOTAL TIME that the NEXT DYNAMICALLY LOADED ROW in 'LOG MESSAGES' Table web-element was loading: 0.02 seconds.
2023-06-05 17:27:41 WARN  CSR_AnalysisResults:280 - Retrieved 'Document number' consists of 2 instead of expected 20 digits!
2023-06-05 17:27:42 INFO  CSR_AnalysisResults:86 - RETRIEVED UNIQUE 'DOCUMENT NUMBERS before processing': 00000000000000000550
2023-06-05 17:27:42 INFO  CSR_AnalysisResults:86 - RETRIEVED UNIQUE 'DOCUMENT NUMBERS before processing': 00000000000000000551
2023-06-05 17:27:42 INFO  CSR_AnalysisResults:86 - RETRIEVED UNIQUE 'DOCUMENT NUMBERS before processing': 00000000000000000552
2023-06-05 17:27:42 INFO  CSR_AnalysisResults:86 - RETRIEVED UNIQUE 'DOCUMENT NUMBERS before processing': 00000000000000000553
2023-06-05 17:27:43 INFO  Test_Cases:318 - The number of DELIVERY IDs is THE SAME as the number of DOCUMENT NUMBERS: 4 vs. 4, AS EXPECTED.
2023-06-05 17:27:43 INFO  CSR_AnalysisResults:349 - The START PROCESSING button on the RESULTS OF CSR ANALYSIS popup was clicked SUCCESSFULLY.
2023-06-05 17:27:43 INFO  Waitings:40 - TOTAL TIME that the POSTPROCESSING popup web-element was loading: 0.354 seconds.
2023-06-05 17:27:44 INFO  PostProcessing:771 - PERSONALIZE button was SUCCESSFULLY clicked on the POSTPROCESSING popup.
2023-06-05 17:27:45 INFO  Waitings:86 - TOTAL TIME that the PERSONALIZATION POPUP page was loading: 1.294 seconds.
2023-06-05 17:27:47 INFO  PostProcessing:707 - The 'Set to Default' button (on 'PERSONALIZATION' popup for POSTPROCESSING) was detected to be DISABLED by Default.
2023-06-05 17:27:48 INFO  PostProcessing:635 - The 'SAVE' button (on 'PERSONALIZATION' popup for POSTPROCESSING) was clicked to save Default Settings.
2023-06-05 17:27:50 INFO  Waitings:86 - TOTAL TIME that the POSTPROCESSING popup after closing PERSONALIZATION popup page was loading: 2.131 seconds.
2023-06-05 17:27:52 INFO  PostProcessing:229 - Number of columns in the POSTPROCESSING SELECTION table: 4
2023-06-05 17:27:52 INFO  PostProcessing:265 - Number of rows in the POSTPROCESSING SELECTION table: 2
2023-06-05 17:27:52 INFO  PostProcessing:282 - The value in 'Postprocessing Action ID' column in row# 1 is equal to: ORDER
2023-06-05 17:27:52 INFO  PostProcessing:282 - The value in 'Postprocessing Action ID' column in row# 2 is equal to: MAIL
2023-06-05 17:27:53 INFO  Test_Cases:354 - Both 'ORDER' and 'MAIL' rows were SUCCESSFULLY found as SELECTED in the POSTPROCESSING SELECTION table on the POSTPROCESSING popup.
2023-06-05 17:27:53 INFO  PostProcessing:170 - EXECUTE POSTPROCESSING button was SUCCESSFULLY clicked on the POSTPROCESSING popup.
2023-06-05 17:28:00 INFO  Waitings:40 - TOTAL TIME that the E-MAIL SENT SUCCESSFULLY message web-element was loading: 6.946 seconds.
2023-06-05 17:28:00 INFO  Waitings:40 - TOTAL TIME that the CSR ORDER GENERATION COMPLETED SUCCESSFULLY message web-element was loading: 0.126 seconds.
2023-06-05 17:28:02 INFO  PostProcessing:105 - CLOSE button was SUCCESSFULLY clicked on the POSTPROCESSING popup.
2023-06-05 17:28:02 INFO  Waitings:582 - TOTAL TIME that the RESULTS OF CSR ANALYSIS popup was observed for changing its status: 0.036 seconds.
2023-06-05 17:28:03 INFO  Waitings:86 - TOTAL TIME that the RESULTS OF CSR ANALYSIS popup -> LOG MESSAGES table page was loading: 1.048 seconds.
2023-06-05 17:28:07 INFO  Waitings:434 - TOTAL TIME that the Updated 'CSR ANALYSIS RESULTS' TABLE after SCROLL-UP page was loading: 0.041 seconds.
2023-06-05 17:28:10 INFO  Waitings:40 - TOTAL TIME that the NEXT DYNAMICALLY LOADED ROW in 'RESULTS LIST' Table web-element was loading: 0.015 seconds.
2023-06-05 17:28:10 INFO  Waitings:40 - TOTAL TIME that the NEXT DYNAMICALLY LOADED ROW in 'RESULTS LIST' Table web-element was loading: 0.029 seconds.
2023-06-05 17:28:10 INFO  Waitings:40 - TOTAL TIME that the NEXT DYNAMICALLY LOADED ROW in 'RESULTS LIST' Table web-element was loading: 0.03 seconds.
2023-06-05 17:28:10 INFO  Waitings:40 - TOTAL TIME that the NEXT DYNAMICALLY LOADED ROW in 'RESULTS LIST' Table web-element was loading: 0.03 seconds.
2023-06-05 17:28:10 INFO  Waitings:40 - TOTAL TIME that the NEXT DYNAMICALLY LOADED ROW in 'RESULTS LIST' Table web-element was loading: 0.03 seconds.
2023-06-05 17:28:10 INFO  Waitings:40 - TOTAL TIME that the NEXT DYNAMICALLY LOADED ROW in 'RESULTS LIST' Table web-element was loading: 0.029 seconds.
2023-06-05 17:28:10 INFO  Waitings:40 - TOTAL TIME that the NEXT DYNAMICALLY LOADED ROW in 'RESULTS LIST' Table web-element was loading: 0.016 seconds.
2023-06-05 17:28:10 INFO  Waitings:40 - TOTAL TIME that the NEXT DYNAMICALLY LOADED ROW in 'RESULTS LIST' Table web-element was loading: 0.03 seconds.
2023-06-05 17:28:11 INFO  Waitings:40 - TOTAL TIME that the NEXT DYNAMICALLY LOADED ROW in 'RESULTS LIST' Table web-element was loading: 0.023 seconds.
2023-06-05 17:28:11 INFO  Waitings:40 - TOTAL TIME that the NEXT DYNAMICALLY LOADED ROW in 'RESULTS LIST' Table web-element was loading: 0.023 seconds.
2023-06-05 17:28:11 INFO  Waitings:40 - TOTAL TIME that the NEXT DYNAMICALLY LOADED ROW in 'RESULTS LIST' Table web-element was loading: 0.023 seconds.
2023-06-05 17:28:11 INFO  Waitings:40 - TOTAL TIME that the NEXT DYNAMICALLY LOADED ROW in 'RESULTS LIST' Table web-element was loading: 0.024 seconds.
2023-06-05 17:28:13 INFO  ComparePostprocessingResults:875 - RETRIEVED UNIQUE 'MATERIALS after processing': RF02
2023-06-05 17:28:13 INFO  ComparePostprocessingResults:875 - RETRIEVED UNIQUE 'MATERIALS after processing': RF03
2023-06-05 17:28:13 INFO  ComparePostprocessingResults:875 - RETRIEVED UNIQUE 'MATERIALS after processing': RF01
2023-06-05 17:28:13 INFO  ComparePostprocessingResults:875 - RETRIEVED UNIQUE 'MATERIALS after processing': RF04
2023-06-05 17:28:15 INFO  Waitings:434 - TOTAL TIME that the Updated 'CSR ANALYSIS LOG MESSAGES' TABLE after SCROLL-UP page was loading: 0.058 seconds.
2023-06-05 17:28:18 INFO  Waitings:40 - TOTAL TIME that the NEXT DYNAMICALLY LOADED ROW in 'LOG MESSAGES' Table web-element was loading: 0.015 seconds.
2023-06-05 17:28:18 INFO  Waitings:40 - TOTAL TIME that the NEXT DYNAMICALLY LOADED ROW in 'LOG MESSAGES' Table web-element was loading: 0.015 seconds.
2023-06-05 17:28:18 INFO  Waitings:40 - TOTAL TIME that the NEXT DYNAMICALLY LOADED ROW in 'LOG MESSAGES' Table web-element was loading: 0.022 seconds.
2023-06-05 17:28:18 INFO  Waitings:40 - TOTAL TIME that the NEXT DYNAMICALLY LOADED ROW in 'LOG MESSAGES' Table web-element was loading: 0.017 seconds.
2023-06-05 17:28:18 INFO  Waitings:40 - TOTAL TIME that the NEXT DYNAMICALLY LOADED ROW in 'LOG MESSAGES' Table web-element was loading: 0.016 seconds.
2023-06-05 17:28:18 INFO  Waitings:40 - TOTAL TIME that the NEXT DYNAMICALLY LOADED ROW in 'LOG MESSAGES' Table web-element was loading: 0.018 seconds.
2023-06-05 17:28:18 INFO  Waitings:40 - TOTAL TIME that the NEXT DYNAMICALLY LOADED ROW in 'LOG MESSAGES' Table web-element was loading: 0.017 seconds.
2023-06-05 17:28:18 INFO  Waitings:40 - TOTAL TIME that the NEXT DYNAMICALLY LOADED ROW in 'LOG MESSAGES' Table web-element was loading: 0.017 seconds.
2023-06-05 17:28:18 INFO  Waitings:40 - TOTAL TIME that the NEXT DYNAMICALLY LOADED ROW in 'LOG MESSAGES' Table web-element was loading: 0.017 seconds.
2023-06-05 17:28:19 INFO  Waitings:40 - TOTAL TIME that the NEXT DYNAMICALLY LOADED ROW in 'LOG MESSAGES' Table web-element was loading: 0.03 seconds.
2023-06-05 17:28:19 INFO  Waitings:40 - TOTAL TIME that the NEXT DYNAMICALLY LOADED ROW in 'LOG MESSAGES' Table web-element was loading: 0.015 seconds.
2023-06-05 17:28:19 INFO  Waitings:40 - TOTAL TIME that the NEXT DYNAMICALLY LOADED ROW in 'LOG MESSAGES' Table web-element was loading: 0.016 seconds.
2023-06-05 17:28:19 INFO  Waitings:40 - TOTAL TIME that the NEXT DYNAMICALLY LOADED ROW in 'LOG MESSAGES' Table web-element was loading: 0.019 seconds.
2023-06-05 17:28:19 INFO  Waitings:40 - TOTAL TIME that the NEXT DYNAMICALLY LOADED ROW in 'LOG MESSAGES' Table web-element was loading: 0.049 seconds.
2023-06-05 17:28:19 INFO  Waitings:40 - TOTAL TIME that the NEXT DYNAMICALLY LOADED ROW in 'LOG MESSAGES' Table web-element was loading: 0.031 seconds.
2023-06-05 17:28:19 INFO  Waitings:40 - TOTAL TIME that the NEXT DYNAMICALLY LOADED ROW in 'LOG MESSAGES' Table web-element was loading: 0.03 seconds.
2023-06-05 17:28:19 INFO  Waitings:40 - TOTAL TIME that the NEXT DYNAMICALLY LOADED ROW in 'LOG MESSAGES' Table web-element was loading: 0.016 seconds.
2023-06-05 17:28:19 INFO  Waitings:40 - TOTAL TIME that the NEXT DYNAMICALLY LOADED ROW in 'LOG MESSAGES' Table web-element was loading: 0.029 seconds.
2023-06-05 17:28:19 INFO  Waitings:40 - TOTAL TIME that the NEXT DYNAMICALLY LOADED ROW in 'LOG MESSAGES' Table web-element was loading: 0.029 seconds.
2023-06-05 17:28:19 INFO  Waitings:40 - TOTAL TIME that the NEXT DYNAMICALLY LOADED ROW in 'LOG MESSAGES' Table web-element was loading: 0.03 seconds.
2023-06-05 17:28:19 INFO  Waitings:40 - TOTAL TIME that the NEXT DYNAMICALLY LOADED ROW in 'LOG MESSAGES' Table web-element was loading: 0.028 seconds.
2023-06-05 17:28:19 INFO  Waitings:40 - TOTAL TIME that the NEXT DYNAMICALLY LOADED ROW in 'LOG MESSAGES' Table web-element was loading: 0.014 seconds.
2023-06-05 17:28:19 INFO  Waitings:40 - TOTAL TIME that the NEXT DYNAMICALLY LOADED ROW in 'LOG MESSAGES' Table web-element was loading: 0.028 seconds.
2023-06-05 17:28:19 INFO  Waitings:40 - TOTAL TIME that the NEXT DYNAMICALLY LOADED ROW in 'LOG MESSAGES' Table web-element was loading: 0.029 seconds.
2023-06-05 17:28:19 INFO  Waitings:40 - TOTAL TIME that the NEXT DYNAMICALLY LOADED ROW in 'LOG MESSAGES' Table web-element was loading: 0.028 seconds.
2023-06-05 17:28:19 INFO  Waitings:40 - TOTAL TIME that the NEXT DYNAMICALLY LOADED ROW in 'LOG MESSAGES' Table web-element was loading: 0.033 seconds.
2023-06-05 17:28:19 INFO  Waitings:40 - TOTAL TIME that the NEXT DYNAMICALLY LOADED ROW in 'LOG MESSAGES' Table web-element was loading: 0.024 seconds.
2023-06-05 17:28:19 INFO  Waitings:40 - TOTAL TIME that the NEXT DYNAMICALLY LOADED ROW in 'LOG MESSAGES' Table web-element was loading: 0.016 seconds.
2023-06-05 17:28:20 INFO  Waitings:40 - TOTAL TIME that the NEXT DYNAMICALLY LOADED ROW in 'LOG MESSAGES' Table web-element was loading: 0.027 seconds.
2023-06-05 17:28:20 INFO  Waitings:40 - TOTAL TIME that the NEXT DYNAMICALLY LOADED ROW in 'LOG MESSAGES' Table web-element was loading: 0.028 seconds.
2023-06-05 17:28:20 INFO  Waitings:40 - TOTAL TIME that the NEXT DYNAMICALLY LOADED ROW in 'LOG MESSAGES' Table web-element was loading: 0.028 seconds.
2023-06-05 17:28:20 INFO  Waitings:40 - TOTAL TIME that the NEXT DYNAMICALLY LOADED ROW in 'LOG MESSAGES' Table web-element was loading: 0.019 seconds.
2023-06-05 17:28:20 INFO  Waitings:40 - TOTAL TIME that the NEXT DYNAMICALLY LOADED ROW in 'LOG MESSAGES' Table web-element was loading: 0.026 seconds.
2023-06-05 17:28:20 INFO  Waitings:40 - TOTAL TIME that the NEXT DYNAMICALLY LOADED ROW in 'LOG MESSAGES' Table web-element was loading: 0.017 seconds.
2023-06-05 17:28:20 INFO  Waitings:40 - TOTAL TIME that the NEXT DYNAMICALLY LOADED ROW in 'LOG MESSAGES' Table web-element was loading: 0.028 seconds.
2023-06-05 17:28:20 INFO  Waitings:40 - TOTAL TIME that the NEXT DYNAMICALLY LOADED ROW in 'LOG MESSAGES' Table web-element was loading: 0.026 seconds.
2023-06-05 17:28:20 INFO  Waitings:40 - TOTAL TIME that the NEXT DYNAMICALLY LOADED ROW in 'LOG MESSAGES' Table web-element was loading: 0.026 seconds.
2023-06-05 17:28:20 INFO  Waitings:40 - TOTAL TIME that the NEXT DYNAMICALLY LOADED ROW in 'LOG MESSAGES' Table web-element was loading: 0.038 seconds.
2023-06-05 17:28:20 INFO  Waitings:40 - TOTAL TIME that the NEXT DYNAMICALLY LOADED ROW in 'LOG MESSAGES' Table web-element was loading: 0.028 seconds.
2023-06-05 17:28:20 INFO  Waitings:40 - TOTAL TIME that the NEXT DYNAMICALLY LOADED ROW in 'LOG MESSAGES' Table web-element was loading: 0.015 seconds.
2023-06-05 17:28:20 INFO  Waitings:40 - TOTAL TIME that the NEXT DYNAMICALLY LOADED ROW in 'LOG MESSAGES' Table web-element was loading: 0.028 seconds.
2023-06-05 17:28:20 INFO  Waitings:40 - TOTAL TIME that the NEXT DYNAMICALLY LOADED ROW in 'LOG MESSAGES' Table web-element was loading: 0.028 seconds.
2023-06-05 17:28:20 INFO  Waitings:40 - TOTAL TIME that the NEXT DYNAMICALLY LOADED ROW in 'LOG MESSAGES' Table web-element was loading: 0.028 seconds.
2023-06-05 17:28:20 INFO  Waitings:40 - TOTAL TIME that the NEXT DYNAMICALLY LOADED ROW in 'LOG MESSAGES' Table web-element was loading: 0.028 seconds.
2023-06-05 17:28:20 INFO  Waitings:40 - TOTAL TIME that the NEXT DYNAMICALLY LOADED ROW in 'LOG MESSAGES' Table web-element was loading: 0.028 seconds.
2023-06-05 17:28:20 INFO  Waitings:40 - TOTAL TIME that the NEXT DYNAMICALLY LOADED ROW in 'LOG MESSAGES' Table web-element was loading: 0.016 seconds.
2023-06-05 17:28:20 INFO  Waitings:40 - TOTAL TIME that the NEXT DYNAMICALLY LOADED ROW in 'LOG MESSAGES' Table web-element was loading: 0.027 seconds.
2023-06-05 17:28:20 INFO  Waitings:40 - TOTAL TIME that the NEXT DYNAMICALLY LOADED ROW in 'LOG MESSAGES' Table web-element was loading: 0.024 seconds.
2023-06-05 17:28:21 INFO  Waitings:40 - TOTAL TIME that the NEXT DYNAMICALLY LOADED ROW in 'LOG MESSAGES' Table web-element was loading: 0.024 seconds.
2023-06-05 17:28:21 INFO  Waitings:40 - TOTAL TIME that the NEXT DYNAMICALLY LOADED ROW in 'LOG MESSAGES' Table web-element was loading: 0.025 seconds.
2023-06-05 17:28:21 INFO  Waitings:40 - TOTAL TIME that the NEXT DYNAMICALLY LOADED ROW in 'LOG MESSAGES' Table web-element was loading: 0.024 seconds.
2023-06-05 17:28:21 INFO  Waitings:40 - TOTAL TIME that the NEXT DYNAMICALLY LOADED ROW in 'LOG MESSAGES' Table web-element was loading: 0.014 seconds.
2023-06-05 17:28:21 WARN  ComparePostprocessingResults:295 - Retrieved 'Document number' consists of 2 instead of expected 20 digits!
2023-06-05 17:28:21 INFO  Waitings:40 - TOTAL TIME that the NEXT DYNAMICALLY LOADED ROW in 'LOG MESSAGES' Table web-element was loading: 0.025 seconds.
2023-06-05 17:28:21 WARN  ComparePostprocessingResults:295 - Retrieved 'Document number' consists of 0 instead of expected 20 digits!
2023-06-05 17:28:21 INFO  Waitings:40 - TOTAL TIME that the NEXT DYNAMICALLY LOADED ROW in 'LOG MESSAGES' Table web-element was loading: 0.025 seconds.
2023-06-05 17:28:21 WARN  ComparePostprocessingResults:295 - Retrieved 'Document number' consists of 2 instead of expected 20 digits!
2023-06-05 17:28:21 INFO  Waitings:40 - TOTAL TIME that the NEXT DYNAMICALLY LOADED ROW in 'LOG MESSAGES' Table web-element was loading: 0.025 seconds.
2023-06-05 17:28:21 WARN  ComparePostprocessingResults:295 - Retrieved 'Document number' consists of 2 instead of expected 20 digits!
2023-06-05 17:28:21 INFO  Waitings:40 - TOTAL TIME that the NEXT DYNAMICALLY LOADED ROW in 'LOG MESSAGES' Table web-element was loading: 0.026 seconds.
2023-06-05 17:28:21 INFO  ComparePostprocessingResults:293 - DOCUMENT NUMBER was successfully retrieved from the LOG table. It is equal to '00000000000000000550' 
2023-06-05 17:28:21 INFO  Waitings:40 - TOTAL TIME that the NEXT DYNAMICALLY LOADED ROW in 'LOG MESSAGES' Table web-element was loading: 0.024 seconds.
2023-06-05 17:28:21 INFO  ComparePostprocessingResults:293 - DOCUMENT NUMBER was successfully retrieved from the LOG table. It is equal to '00000000000000000551' 
2023-06-05 17:28:22 INFO  Waitings:40 - TOTAL TIME that the NEXT DYNAMICALLY LOADED ROW in 'LOG MESSAGES' Table web-element was loading: 0.024 seconds.
2023-06-05 17:28:22 INFO  ComparePostprocessingResults:293 - DOCUMENT NUMBER was successfully retrieved from the LOG table. It is equal to '00000000000000000552' 
2023-06-05 17:28:22 INFO  Waitings:40 - TOTAL TIME that the NEXT DYNAMICALLY LOADED ROW in 'LOG MESSAGES' Table web-element was loading: 0.025 seconds.
2023-06-05 17:28:22 INFO  ComparePostprocessingResults:293 - DOCUMENT NUMBER was successfully retrieved from the LOG table. It is equal to '00000000000000000553' 
2023-06-05 17:28:22 INFO  Waitings:40 - TOTAL TIME that the NEXT DYNAMICALLY LOADED ROW in 'LOG MESSAGES' Table web-element was loading: 0.027 seconds.
2023-06-05 17:28:22 INFO  ComparePostprocessingResults:293 - DOCUMENT NUMBER was successfully retrieved from the LOG table. It is equal to '00000000000000000550' 
2023-06-05 17:28:22 INFO  Waitings:40 - TOTAL TIME that the NEXT DYNAMICALLY LOADED ROW in 'LOG MESSAGES' Table web-element was loading: 0.028 seconds.
2023-06-05 17:28:22 WARN  ComparePostprocessingResults:295 - Retrieved 'Document number' consists of 0 instead of expected 20 digits!
2023-06-05 17:28:22 INFO  Waitings:40 - TOTAL TIME that the NEXT DYNAMICALLY LOADED ROW in 'LOG MESSAGES' Table web-element was loading: 0.015 seconds.
2023-06-05 17:28:22 INFO  ComparePostprocessingResults:293 - DOCUMENT NUMBER was successfully retrieved from the LOG table. It is equal to '00000000000000000550' 
2023-06-05 17:28:22 INFO  Waitings:40 - TOTAL TIME that the NEXT DYNAMICALLY LOADED ROW in 'LOG MESSAGES' Table web-element was loading: 0.026 seconds.
2023-06-05 17:28:22 INFO  ComparePostprocessingResults:293 - DOCUMENT NUMBER was successfully retrieved from the LOG table. It is equal to '00000000000000000551' 
2023-06-05 17:28:22 INFO  Waitings:40 - TOTAL TIME that the NEXT DYNAMICALLY LOADED ROW in 'LOG MESSAGES' Table web-element was loading: 0.027 seconds.
2023-06-05 17:28:22 INFO  ComparePostprocessingResults:293 - DOCUMENT NUMBER was successfully retrieved from the LOG table. It is equal to '00000000000000000552' 
2023-06-05 17:28:22 INFO  Waitings:40 - TOTAL TIME that the NEXT DYNAMICALLY LOADED ROW in 'LOG MESSAGES' Table web-element was loading: 0.026 seconds.
2023-06-05 17:28:22 INFO  ComparePostprocessingResults:293 - DOCUMENT NUMBER was successfully retrieved from the LOG table. It is equal to '00000000000000000553' 
2023-06-05 17:28:22 INFO  Waitings:40 - TOTAL TIME that the NEXT DYNAMICALLY LOADED ROW in 'LOG MESSAGES' Table web-element was loading: 0.027 seconds.
2023-06-05 17:28:22 INFO  ComparePostprocessingResults:293 - DOCUMENT NUMBER was successfully retrieved from the LOG table. It is equal to '00000000000000000550' 
2023-06-05 17:28:22 INFO  Waitings:40 - TOTAL TIME that the NEXT DYNAMICALLY LOADED ROW in 'LOG MESSAGES' Table web-element was loading: 0.026 seconds.
2023-06-05 17:28:22 INFO  ComparePostprocessingResults:293 - DOCUMENT NUMBER was successfully retrieved from the LOG table. It is equal to '00000000000000000550' 
2023-06-05 17:28:22 INFO  Waitings:40 - TOTAL TIME that the NEXT DYNAMICALLY LOADED ROW in 'LOG MESSAGES' Table web-element was loading: 0.015 seconds.
2023-06-05 17:28:22 INFO  ComparePostprocessingResults:293 - DOCUMENT NUMBER was successfully retrieved from the LOG table. It is equal to '00000000000000000551' 
2023-06-05 17:28:22 INFO  Waitings:40 - TOTAL TIME that the NEXT DYNAMICALLY LOADED ROW in 'LOG MESSAGES' Table web-element was loading: 0.026 seconds.
2023-06-05 17:28:22 INFO  ComparePostprocessingResults:293 - DOCUMENT NUMBER was successfully retrieved from the LOG table. It is equal to '00000000000000000552' 
2023-06-05 17:28:22 INFO  Waitings:40 - TOTAL TIME that the NEXT DYNAMICALLY LOADED ROW in 'LOG MESSAGES' Table web-element was loading: 0.027 seconds.
2023-06-05 17:28:22 INFO  ComparePostprocessingResults:293 - DOCUMENT NUMBER was successfully retrieved from the LOG table. It is equal to '00000000000000000553' 
2023-06-05 17:28:23 INFO  Waitings:40 - TOTAL TIME that the NEXT DYNAMICALLY LOADED ROW in 'LOG MESSAGES' Table web-element was loading: 0.026 seconds.
2023-06-05 17:28:23 INFO  ComparePostprocessingResults:293 - DOCUMENT NUMBER was successfully retrieved from the LOG table. It is equal to '00000000000000000550' 
2023-06-05 17:28:23 INFO  Waitings:40 - TOTAL TIME that the NEXT DYNAMICALLY LOADED ROW in 'LOG MESSAGES' Table web-element was loading: 0.026 seconds.
2023-06-05 17:28:23 WARN  ComparePostprocessingResults:295 - Retrieved 'Document number' consists of 2 instead of expected 20 digits!
2023-06-05 17:28:23 INFO  Waitings:40 - TOTAL TIME that the NEXT DYNAMICALLY LOADED ROW in 'LOG MESSAGES' Table web-element was loading: 0.016 seconds.
2023-06-05 17:28:23 WARN  ComparePostprocessingResults:295 - Retrieved 'Document number' consists of 6 instead of expected 20 digits!
2023-06-05 17:28:23 INFO  Waitings:40 - TOTAL TIME that the NEXT DYNAMICALLY LOADED ROW in 'LOG MESSAGES' Table web-element was loading: 0.026 seconds.
2023-06-05 17:28:23 WARN  ComparePostprocessingResults:295 - Retrieved 'Document number' consists of 4 instead of expected 20 digits!
2023-06-05 17:28:23 INFO  Waitings:40 - TOTAL TIME that the NEXT DYNAMICALLY LOADED ROW in 'LOG MESSAGES' Table web-element was loading: 0.028 seconds.
2023-06-05 17:28:23 WARN  ComparePostprocessingResults:295 - Retrieved 'Document number' consists of 0 instead of expected 20 digits!
2023-06-05 17:28:23 INFO  Waitings:40 - TOTAL TIME that the NEXT DYNAMICALLY LOADED ROW in 'LOG MESSAGES' Table web-element was loading: 0.027 seconds.
2023-06-05 17:28:23 WARN  ComparePostprocessingResults:295 - Retrieved 'Document number' consists of 0 instead of expected 20 digits!
2023-06-05 17:28:23 INFO  Waitings:40 - TOTAL TIME that the NEXT DYNAMICALLY LOADED ROW in 'LOG MESSAGES' Table web-element was loading: 0.024 seconds.
2023-06-05 17:28:23 WARN  ComparePostprocessingResults:295 - Retrieved 'Document number' consists of 0 instead of expected 20 digits!
2023-06-05 17:28:23 INFO  Waitings:40 - TOTAL TIME that the NEXT DYNAMICALLY LOADED ROW in 'LOG MESSAGES' Table web-element was loading: 0.025 seconds.
2023-06-05 17:28:23 WARN  ComparePostprocessingResults:295 - Retrieved 'Document number' consists of 0 instead of expected 20 digits!
2023-06-05 17:28:23 INFO  Waitings:40 - TOTAL TIME that the NEXT DYNAMICALLY LOADED ROW in 'LOG MESSAGES' Table web-element was loading: 0.015 seconds.
2023-06-05 17:28:23 WARN  ComparePostprocessingResults:295 - Retrieved 'Document number' consists of 0 instead of expected 20 digits!
2023-06-05 17:28:23 INFO  Waitings:40 - TOTAL TIME that the NEXT DYNAMICALLY LOADED ROW in 'LOG MESSAGES' Table web-element was loading: 0.023 seconds.
2023-06-05 17:28:23 WARN  ComparePostprocessingResults:295 - Retrieved 'Document number' consists of 0 instead of expected 20 digits!
2023-06-05 17:28:23 INFO  Waitings:40 - TOTAL TIME that the NEXT DYNAMICALLY LOADED ROW in 'LOG MESSAGES' Table web-element was loading: 0.024 seconds.
2023-06-05 17:28:23 WARN  ComparePostprocessingResults:295 - Retrieved 'Document number' consists of 0 instead of expected 20 digits!
2023-06-05 17:28:23 INFO  Waitings:40 - TOTAL TIME that the NEXT DYNAMICALLY LOADED ROW in 'LOG MESSAGES' Table web-element was loading: 0.025 seconds.
2023-06-05 17:28:23 WARN  ComparePostprocessingResults:295 - Retrieved 'Document number' consists of 4 instead of expected 20 digits!
2023-06-05 17:28:23 INFO  Waitings:40 - TOTAL TIME that the NEXT DYNAMICALLY LOADED ROW in 'LOG MESSAGES' Table web-element was loading: 0.024 seconds.
2023-06-05 17:28:23 WARN  ComparePostprocessingResults:295 - Retrieved 'Document number' consists of 6 instead of expected 20 digits!
2023-06-05 17:28:23 INFO  Waitings:40 - TOTAL TIME that the NEXT DYNAMICALLY LOADED ROW in 'LOG MESSAGES' Table web-element was loading: 0.023 seconds.
2023-06-05 17:28:24 WARN  ComparePostprocessingResults:295 - Retrieved 'Document number' consists of 4 instead of expected 20 digits!
2023-06-05 17:28:24 INFO  Waitings:40 - TOTAL TIME that the NEXT DYNAMICALLY LOADED ROW in 'LOG MESSAGES' Table web-element was loading: 0.016 seconds.
2023-06-05 17:28:24 WARN  ComparePostprocessingResults:295 - Retrieved 'Document number' consists of 0 instead of expected 20 digits!
2023-06-05 17:28:24 INFO  Waitings:40 - TOTAL TIME that the NEXT DYNAMICALLY LOADED ROW in 'LOG MESSAGES' Table web-element was loading: 0.023 seconds.
2023-06-05 17:28:24 WARN  ComparePostprocessingResults:295 - Retrieved 'Document number' consists of 0 instead of expected 20 digits!
2023-06-05 17:28:24 INFO  Waitings:40 - TOTAL TIME that the NEXT DYNAMICALLY LOADED ROW in 'LOG MESSAGES' Table web-element was loading: 0.023 seconds.
2023-06-05 17:28:24 WARN  ComparePostprocessingResults:295 - Retrieved 'Document number' consists of 0 instead of expected 20 digits!
2023-06-05 17:28:24 INFO  Waitings:40 - TOTAL TIME that the NEXT DYNAMICALLY LOADED ROW in 'LOG MESSAGES' Table web-element was loading: 0.023 seconds.
2023-06-05 17:28:24 WARN  ComparePostprocessingResults:295 - Retrieved 'Document number' consists of 0 instead of expected 20 digits!
2023-06-05 17:28:24 INFO  Waitings:40 - TOTAL TIME that the NEXT DYNAMICALLY LOADED ROW in 'LOG MESSAGES' Table web-element was loading: 0.022 seconds.
2023-06-05 17:28:24 WARN  ComparePostprocessingResults:295 - Retrieved 'Document number' consists of 0 instead of expected 20 digits!
2023-06-05 17:28:24 INFO  Waitings:40 - TOTAL TIME that the NEXT DYNAMICALLY LOADED ROW in 'LOG MESSAGES' Table web-element was loading: 0.023 seconds.
2023-06-05 17:28:24 WARN  ComparePostprocessingResults:295 - Retrieved 'Document number' consists of 0 instead of expected 20 digits!
2023-06-05 17:28:24 INFO  Waitings:40 - TOTAL TIME that the NEXT DYNAMICALLY LOADED ROW in 'LOG MESSAGES' Table web-element was loading: 0.016 seconds.
2023-06-05 17:28:24 WARN  ComparePostprocessingResults:295 - Retrieved 'Document number' consists of 0 instead of expected 20 digits!
2023-06-05 17:28:24 INFO  Waitings:40 - TOTAL TIME that the NEXT DYNAMICALLY LOADED ROW in 'LOG MESSAGES' Table web-element was loading: 0.021 seconds.
2023-06-05 17:28:24 WARN  ComparePostprocessingResults:295 - Retrieved 'Document number' consists of 4 instead of expected 20 digits!
2023-06-05 17:28:24 INFO  Waitings:40 - TOTAL TIME that the NEXT DYNAMICALLY LOADED ROW in 'LOG MESSAGES' Table web-element was loading: 0.024 seconds.
2023-06-05 17:28:24 WARN  ComparePostprocessingResults:295 - Retrieved 'Document number' consists of 6 instead of expected 20 digits!
2023-06-05 17:28:24 INFO  Waitings:40 - TOTAL TIME that the NEXT DYNAMICALLY LOADED ROW in 'LOG MESSAGES' Table web-element was loading: 0.024 seconds.
2023-06-05 17:28:24 WARN  ComparePostprocessingResults:295 - Retrieved 'Document number' consists of 4 instead of expected 20 digits!
2023-06-05 17:28:24 INFO  Waitings:40 - TOTAL TIME that the NEXT DYNAMICALLY LOADED ROW in 'LOG MESSAGES' Table web-element was loading: 0.022 seconds.
2023-06-05 17:28:24 WARN  ComparePostprocessingResults:295 - Retrieved 'Document number' consists of 0 instead of expected 20 digits!
2023-06-05 17:28:24 INFO  Waitings:40 - TOTAL TIME that the NEXT DYNAMICALLY LOADED ROW in 'LOG MESSAGES' Table web-element was loading: 0.023 seconds.
2023-06-05 17:28:24 WARN  ComparePostprocessingResults:295 - Retrieved 'Document number' consists of 0 instead of expected 20 digits!
2023-06-05 17:28:24 INFO  Waitings:40 - TOTAL TIME that the NEXT DYNAMICALLY LOADED ROW in 'LOG MESSAGES' Table web-element was loading: 0.015 seconds.
2023-06-05 17:28:24 WARN  ComparePostprocessingResults:295 - Retrieved 'Document number' consists of 0 instead of expected 20 digits!
2023-06-05 17:28:25 INFO  Waitings:40 - TOTAL TIME that the NEXT DYNAMICALLY LOADED ROW in 'LOG MESSAGES' Table web-element was loading: 0.022 seconds.
2023-06-05 17:28:25 WARN  ComparePostprocessingResults:295 - Retrieved 'Document number' consists of 0 instead of expected 20 digits!
2023-06-05 17:28:25 INFO  Waitings:40 - TOTAL TIME that the NEXT DYNAMICALLY LOADED ROW in 'LOG MESSAGES' Table web-element was loading: 0.019 seconds.
2023-06-05 17:28:25 WARN  ComparePostprocessingResults:295 - Retrieved 'Document number' consists of 0 instead of expected 20 digits!
2023-06-05 17:28:25 INFO  Waitings:40 - TOTAL TIME that the NEXT DYNAMICALLY LOADED ROW in 'LOG MESSAGES' Table web-element was loading: 0.02 seconds.
2023-06-05 17:28:25 WARN  ComparePostprocessingResults:295 - Retrieved 'Document number' consists of 0 instead of expected 20 digits!
2023-06-05 17:28:25 INFO  Waitings:40 - TOTAL TIME that the NEXT DYNAMICALLY LOADED ROW in 'LOG MESSAGES' Table web-element was loading: 0.019 seconds.
2023-06-05 17:28:25 WARN  ComparePostprocessingResults:295 - Retrieved 'Document number' consists of 0 instead of expected 20 digits!
2023-06-05 17:28:25 INFO  Waitings:40 - TOTAL TIME that the NEXT DYNAMICALLY LOADED ROW in 'LOG MESSAGES' Table web-element was loading: 0.019 seconds.
2023-06-05 17:28:25 WARN  ComparePostprocessingResults:295 - Retrieved 'Document number' consists of 4 instead of expected 20 digits!
2023-06-05 17:28:26 INFO  ComparePostprocessingResults:80 - RETRIEVED UNIQUE 'DOCUMENT NUMBERS after processing': 00000000000000000550
2023-06-05 17:28:26 INFO  ComparePostprocessingResults:80 - RETRIEVED UNIQUE 'DOCUMENT NUMBERS after processing': 00000000000000000551
2023-06-05 17:28:26 INFO  ComparePostprocessingResults:80 - RETRIEVED UNIQUE 'DOCUMENT NUMBERS after processing': 00000000000000000552
2023-06-05 17:28:26 INFO  ComparePostprocessingResults:80 - RETRIEVED UNIQUE 'DOCUMENT NUMBERS after processing': 00000000000000000553
2023-06-05 17:28:27 INFO  Test_Cases:405 - The number of UNIQUE DELIVERY IDs before and after POSTPROCESSING is THE SAME: 4 vs. 4, AS EXPECTED.
2023-06-05 17:28:27 INFO  Test_Cases:413 - The number of UNIQUE DOCUMENTS before and after POSTPROCESSING is THE SAME: 4 vs. 4, AS EXPECTED.
2023-06-05 17:28:27 INFO  Test_Cases:417 - The UNIQUE DOCUMENTS before and after processing are THE SAME.
2023-06-05 17:28:27 INFO  Test_Cases:450 - The number of UNIQUE DELIVERY IDs is THE SAME as the number of UNIQUE DOCUMENT NUMBERS after POSTPROCESSING: 4 vs. 4, AS EXPECTED.
2023-06-05 17:28:27 INFO  ComparePostprocessingResults:44 - The CLOSE button on the RESULTS OF CSR ANALYSIS popup was clicked SUCCESSFULLY.
