[0120/162039.117:ERROR:process_memory_win.cc(73)] ReadMemory at 0x1db00180000 of 64 bytes failed: Only part of a ReadProcessMemory or WriteProcessMemory request was completed. (0x12B)
[0120/162039.132:WARNING:pe_image_reader.cc(340)] could not read dos header from C:\WINDOWS\System32\IMM32.DLL
[0120/162039.132:ERROR:process_memory_win.cc(73)] ReadMemory at 0x1db006e0000 of 64 bytes failed: Only part of a ReadProcessMemory or WriteProcessMemory request was completed. (0x12B)
[0120/162039.132:WARNING:pe_image_reader.cc(340)] could not read dos header from C:\WINDOWS\System32\combase.dll
[0120/162039.132:ERROR:process_memory_win.cc(73)] ReadMemory at 0x1db003b3580 of 72 bytes failed: Only part of a ReadProcessMemory or WriteProcessMemory request was completed. (0x12B)
[0120/162039.132:WARNING:pe_image_annotations_reader.cc(134)] could not read annotations list object in C:\Program Files (x86)\Google\Chrome\Application\79.0.3945.117\chrome_elf.dll
[0120/162039.132:ERROR:process_memory_win.cc(73)] ReadMemory at 0x1db00180000 of 64 bytes failed: Only part of a ReadProcessMemory or WriteProcessMemory request was completed. (0x12B)
[0120/162039.132:WARNING:pe_image_reader.cc(340)] could not read dos header from C:\WINDOWS\System32\IMM32.DLL
[0120/162039.132:ERROR:process_memory_win.cc(73)] ReadMemory at 0x1db00180000 of 64 bytes failed: Only part of a ReadProcessMemory or WriteProcessMemory request was completed. (0x12B)
[0120/162039.132:WARNING:pe_image_reader.cc(340)] could not read dos header from C:\WINDOWS\System32\IMM32.DLL
[0120/162039.132:ERROR:process_memory_win.cc(73)] ReadMemory at 0x1db005c4e30 of 72 bytes failed: Only part of a ReadProcessMemory or WriteProcessMemory request was completed. (0x12B)
[0120/162039.132:WARNING:pe_image_annotations_reader.cc(134)] could not read annotations list object in C:\Program Files (x86)\Google\Chrome\Application\79.0.3945.117\chrome_child.dll
[0120/162039.132:ERROR:process_memory_win.cc(73)] ReadMemory at 0x1db006e0000 of 64 bytes failed: Only part of a ReadProcessMemory or WriteProcessMemory request was completed. (0x12B)
[0120/162039.132:WARNING:pe_image_reader.cc(340)] could not read dos header from C:\WINDOWS\System32\combase.dll
[0120/162039.132:ERROR:process_memory_win.cc(73)] ReadMemory at 0x1db006e0000 of 64 bytes failed: Only part of a ReadProcessMemory or WriteProcessMemory request was completed. (0x12B)
[0120/162039.132:WARNING:pe_image_reader.cc(340)] could not read dos header from C:\WINDOWS\System32\combase.dll
[0120/162039.257:ERROR:process_memory_win.cc(73)] ReadMemory at 0x7ff683520000 of 64 bytes failed: Only part of a ReadProcessMemory or WriteProcessMemory request was completed. (0x12B)
[0120/162039.257:WARNING:pe_image_reader.cc(340)] could not read dos header from C:\Program Files (x86)\Google\Chrome\Application\chrome.exe
[0120/162039.257:ERROR:process_memory_win.cc(73)] ReadMemory at 0x7ffb350f0000 of 64 bytes failed: Only part of a ReadProcessMemory or WriteProcessMemory request was completed. (0x12B)
[0120/162039.257:WARNING:pe_image_reader.cc(340)] could not read dos header from C:\WINDOWS\SYSTEM32\ntdll.dll
[0120/162039.257:ERROR:process_memory_win.cc(73)] ReadMemory at 0x7ffb34bc0000 of 64 bytes failed: Only part of a ReadProcessMemory or WriteProcessMemory request was completed. (0x12B)
[0120/162039.257:WARNING:pe_image_reader.cc(340)] could not read dos header from C:\WINDOWS\System32\KERNEL32.DLL
[0120/162039.257:ERROR:process_memory_win.cc(73)] ReadMemory at 0x7ffb312b0000 of 64 bytes failed: Only part of a ReadProcessMemory or WriteProcessMemory request was completed. (0x12B)
[0120/162039.257:WARNING:pe_image_reader.cc(340)] could not read dos header from C:\WINDOWS\System32\KERNELBASE.dll
[0120/162039.257:ERROR:process_memory_win.cc(73)] ReadMemory at 0x7ffb134b0000 of 64 bytes failed: Only part of a ReadProcessMemory or WriteProcessMemory request was completed. (0x12B)
[0120/162039.257:WARNING:pe_image_reader.cc(340)] could not read dos header from C:\Program Files (x86)\Google\Chrome\Application\79.0.3945.117\chrome_elf.dll
[0120/162039.257:ERROR:process_memory_win.cc(73)] ReadMemory at 0x7ffb30d90000 of 64 bytes failed: Only part of a ReadProcessMemory or WriteProcessMemory request was completed. (0x12B)
[0120/162039.257:WARNING:pe_image_reader.cc(340)] could not read dos header from C:\WINDOWS\SYSTEM32\VERSION.dll
[0120/162039.257:ERROR:process_memory_win.cc(73)] ReadMemory at 0x7ffb33d60000 of 64 bytes failed: Only part of a ReadProcessMemory or WriteProcessMemory request was completed. (0x12B)
[0120/162039.257:WARNING:pe_image_reader.cc(340)] could not read dos header from C:\WINDOWS\System32\msvcrt.dll
[0120/162039.257:ERROR:process_memory_win.cc(73)] ReadMemory at 0x7ffb087f0000 of 64 bytes failed: Only part of a ReadProcessMemory or WriteProcessMemory request was completed. (0x12B)
[0120/162039.257:WARNING:pe_image_reader.cc(340)] could not read dos header from C:\Program Files\McAfee\Endpoint Security\Threat Prevention\Ips\EpMPApi.dll
[0120/162039.257:ERROR:process_memory_win.cc(73)] ReadMemory at 0x7ffb34500000 of 64 bytes failed: Only part of a ReadProcessMemory or WriteProcessMemory request was completed. (0x12B)
[0120/162039.257:WARNING:pe_image_reader.cc(340)] could not read dos header from C:\WINDOWS\System32\RPCRT4.dll
[0120/162039.257:ERROR:process_memory_win.cc(73)] ReadMemory at 0x7ffb34ef0000 of 64 bytes failed: Only part of a ReadProcessMemory or WriteProcessMemory request was completed. (0x12B)
[0120/162039.257:WARNING:pe_image_reader.cc(340)] could not read dos header from C:\WINDOWS\System32\USER32.dll
[0120/162039.257:ERROR:process_memory_win.cc(73)] ReadMemory at 0x7ffb315a0000 of 64 bytes failed: Only part of a ReadProcessMemory or WriteProcessMemory request was completed. (0x12B)
[0120/162039.257:WARNING:pe_image_reader.cc(340)] could not read dos header from C:\WINDOWS\System32\win32u.dll
[0120/162039.257:ERROR:process_memory_win.cc(73)] ReadMemory at 0x7ffb33a00000 of 64 bytes failed: Only part of a ReadProcessMemory or WriteProcessMemory request was completed. (0x12B)
[0120/162039.257:WARNING:pe_image_reader.cc(340)] could not read dos header from C:\WINDOWS\System32\GDI32.dll
[0120/162039.257:ERROR:process_memory_win.cc(73)] ReadMemory at 0x7ffb318f0000 of 64 bytes failed: Only part of a ReadProcessMemory or WriteProcessMemory request was completed. (0x12B)
[0120/162039.257:WARNING:pe_image_reader.cc(340)] could not read dos header from C:\WINDOWS\System32\gdi32full.dll
[0120/162039.257:ERROR:process_memory_win.cc(73)] ReadMemory at 0x7ffb31820000 of 64 bytes failed: Only part of a ReadProcessMemory or WriteProcessMemory request was completed. (0x12B)
[0120/162039.257:WARNING:pe_image_reader.cc(340)] could not read dos header from C:\WINDOWS\System32\msvcp_win.dll
[0120/162039.257:ERROR:process_memory_win.cc(73)] ReadMemory at 0x7ffb311b0000 of 64 bytes failed: Only part of a ReadProcessMemory or WriteProcessMemory request was completed. (0x12B)
[0120/162039.257:WARNING:pe_image_reader.cc(340)] could not read dos header from C:\WINDOWS\System32\ucrtbase.dll
[0120/162039.257:ERROR:process_memory_win.cc(73)] ReadMemory at 0x7ffb34ab0000 of 64 bytes failed: Only part of a ReadProcessMemory or WriteProcessMemory request was completed. (0x12B)
[0120/162039.257:WARNING:pe_image_reader.cc(340)] could not read dos header from C:\WINDOWS\System32\ADVAPI32.dll
[0120/162039.257:ERROR:process_memory_win.cc(73)] ReadMemory at 0x7ffb33fc0000 of 64 bytes failed: Only part of a ReadProcessMemory or WriteProcessMemory request was completed. (0x12B)
[0120/162039.257:WARNING:pe_image_reader.cc(340)] could not read dos header from C:\WINDOWS\System32\sechost.dll
[0120/162039.257:ERROR:process_memory_win.cc(73)] ReadMemory at 0x7ffb31b60000 of 64 bytes failed: Only part of a ReadProcessMemory or WriteProcessMemory request was completed. (0x12B)
[0120/162039.257:WARNING:pe_image_reader.cc(340)] could not read dos header from C:\WINDOWS\System32\WINTRUST.dll
[0120/162039.257:ERROR:process_memory_win.cc(73)] ReadMemory at 0x7ffb310e0000 of 64 bytes failed: Only part of a ReadProcessMemory or WriteProcessMemory request was completed. (0x12B)
[0120/162039.257:WARNING:pe_image_reader.cc(340)] could not read dos header from C:\WINDOWS\System32\MSASN1.dll
[0120/162039.257:ERROR:process_memory_win.cc(73)] ReadMemory at 0x7ffb315c0000 of 64 bytes failed: Only part of a ReadProcessMemory or WriteProcessMemory request was completed. (0x12B)
[0120/162039.257:WARNING:pe_image_reader.cc(340)] could not read dos header from C:\WINDOWS\System32\CRYPT32.dll
[0120/162039.257:ERROR:process_memory_win.cc(73)] ReadMemory at 0x1db00180000 of 64 bytes failed: Only part of a ReadProcessMemory or WriteProcessMemory request was completed. (0x12B)
[0120/162039.257:WARNING:pe_image_reader.cc(340)] could not read dos header from C:\WINDOWS\System32\IMM32.DLL
[0120/162039.257:ERROR:process_memory_win.cc(73)] ReadMemory at 0x7ffb317a0000 of 64 bytes failed: Only part of a ReadProcessMemory or WriteProcessMemory request was completed. (0x12B)
[0120/162039.257:WARNING:pe_image_reader.cc(340)] could not read dos header from C:\WINDOWS\System32\bcryptPrimitives.dll
[0120/162039.257:ERROR:process_memory_win.cc(73)] ReadMemory at 0x7ffadc430000 of 64 bytes failed: Only part of a ReadProcessMemory or WriteProcessMemory request was completed. (0x12B)
[0120/162039.257:WARNING:pe_image_reader.cc(340)] could not read dos header from C:\Program Files (x86)\Google\Chrome\Application\79.0.3945.117\chrome_child.dll
[0120/162039.257:ERROR:process_memory_win.cc(73)] ReadMemory at 0x7ffb33e00000 of 64 bytes failed: Only part of a ReadProcessMemory or WriteProcessMemory request was completed. (0x12B)
[0120/162039.257:WARNING:pe_image_reader.cc(340)] could not read dos header from C:\WINDOWS\System32\OLEAUT32.dll
[0120/162039.257:ERROR:process_memory_win.cc(73)] ReadMemory at 0x1db006e0000 of 64 bytes failed: Only part of a ReadProcessMemory or WriteProcessMemory request was completed. (0x12B)
[0120/162039.257:WARNING:pe_image_reader.cc(340)] could not read dos header from C:\WINDOWS\System32\combase.dll
[0120/162039.257:ERROR:process_memory_win.cc(73)] ReadMemory at 0x7ffb34060000 of 64 bytes failed: Only part of a ReadProcessMemory or WriteProcessMemory request was completed. (0x12B)
[0120/162039.257:WARNING:pe_image_reader.cc(340)] could not read dos header from C:\WINDOWS\System32\WS2_32.dll
[0120/162039.257:ERROR:process_memory_win.cc(73)] ReadMemory at 0x7ffb2fd90000 of 64 bytes failed: Only part of a ReadProcessMemory or WriteProcessMemory request was completed. (0x12B)
[0120/162039.257:WARNING:pe_image_reader.cc(340)] could not read dos header from C:\WINDOWS\SYSTEM32\IPHLPAPI.DLL
[0120/162039.257:ERROR:process_memory_win.cc(73)] ReadMemory at 0x7ffb2bbb0000 of 64 bytes failed: Only part of a ReadProcessMemory or WriteProcessMemory request was completed. (0x12B)
[0120/162039.257:WARNING:pe_image_reader.cc(340)] could not read dos header from C:\WINDOWS\SYSTEM32\WINMM.dll
[0120/162039.257:ERROR:process_memory_win.cc(73)] ReadMemory at 0x7ffb30fe0000 of 64 bytes failed: Only part of a ReadProcessMemory or WriteProcessMemory request was completed. (0x12B)
[0120/162039.257:WARNING:pe_image_reader.cc(340)] could not read dos header from C:\WINDOWS\SYSTEM32\USERENV.dll
[0120/162039.257:ERROR:process_memory_win.cc(73)] ReadMemory at 0x7ffb31180000 of 64 bytes failed: Only part of a ReadProcessMemory or WriteProcessMemory request was completed. (0x12B)
[0120/162039.257:WARNING:pe_image_reader.cc(340)] could not read dos header from C:\WINDOWS\System32\profapi.dll
[0120/162039.257:ERROR:process_memory_win.cc(73)] ReadMemory at 0x7ffb2e7a0000 of 64 bytes failed: Only part of a ReadProcessMemory or WriteProcessMemory request was completed. (0x12B)
[0120/162039.257:WARNING:pe_image_reader.cc(340)] could not read dos header from C:\WINDOWS\SYSTEM32\DWrite.dll
[0120/162039.257:ERROR:process_memory_win.cc(73)] ReadMemory at 0x7ffb2c440000 of 64 bytes failed: Only part of a ReadProcessMemory or WriteProcessMemory request was completed. (0x12B)
[0120/162039.257:WARNING:pe_image_reader.cc(340)] could not read dos header from C:\WINDOWS\SYSTEM32\WINSPOOL.DRV
[0120/162039.257:ERROR:process_memory_win.cc(73)] ReadMemory at 0x7ffb31160000 of 64 bytes failed: Only part of a ReadProcessMemory or WriteProcessMemory request was completed. (0x12B)
[0120/162039.257:WARNING:pe_image_reader.cc(340)] could not read dos header from C:\WINDOWS\System32\kernel.appcore.dll
[0120/162039.257:ERROR:process_memory_win.cc(73)] ReadMemory at 0x7ffb318c0000 of 64 bytes failed: Only part of a ReadProcessMemory or WriteProcessMemory request was completed. (0x12B)
[0120/162039.257:WARNING:pe_image_reader.cc(340)] could not read dos header from C:\WINDOWS\System32\bcrypt.dll
[0120/162039.257:ERROR:process_memory_win.cc(73)] ReadMemory at 0x7ffb2ed20000 of 64 bytes failed: Only part of a ReadProcessMemory or WriteProcessMemory request was completed. (0x12B)
[0120/162039.257:WARNING:pe_image_reader.cc(340)] could not read dos header from C:\WINDOWS\SYSTEM32\dbghelp.dll
[0120/162039.257:ERROR:process_memory_win.cc(73)] ReadMemory at 0x7ffb28c30000 of 64 bytes failed: Only part of a ReadProcessMemory or WriteProcessMemory request was completed. (0x12B)
[0120/162039.257:WARNING:pe_image_reader.cc(340)] could not read dos header from C:\WINDOWS\SYSTEM32\Secur32.dll
[0120/162039.257:ERROR:process_memory_win.cc(73)] ReadMemory at 0x7ffb2bab0000 of 64 bytes failed: Only part of a ReadProcessMemory or WriteProcessMemory request was completed. (0x12B)
[0120/162039.257:WARNING:pe_image_reader.cc(340)] could not read dos header from C:\WINDOWS\SYSTEM32\WINHTTP.dll
[0120/162039.257:ERROR:process_memory_win.cc(73)] ReadMemory at 0x7ffb2b190000 of 64 bytes failed: Only part of a ReadProcessMemory or WriteProcessMemory request was completed. (0x12B)
[0120/162039.257:WARNING:pe_image_reader.cc(340)] could not read dos header from C:\WINDOWS\SYSTEM32\dhcpcsvc.DLL
[0120/162039.257:ERROR:process_memory_win.cc(73)] ReadMemory at 0x7ffb33fb0000 of 64 bytes failed: Only part of a ReadProcessMemory or WriteProcessMemory request was completed. (0x12B)
[0120/162039.257:WARNING:pe_image_reader.cc(340)] could not read dos header from C:\WINDOWS\System32\NSI.dll
[0120/162039.257:ERROR:process_memory_win.cc(73)] ReadMemory at 0x7ffb2ba80000 of 64 bytes failed: Only part of a ReadProcessMemory or WriteProcessMemory request was completed. (0x12B)
[0120/162039.257:WARNING:pe_image_reader.cc(340)] could not read dos header from C:\WINDOWS\SYSTEM32\WINMMBASE.dll
[0120/162039.257:ERROR:process_memory_win.cc(73)] ReadMemory at 0x7ffb31550000 of 64 bytes failed: Only part of a ReadProcessMemory or WriteProcessMemory request was completed. (0x12B)
[0120/162039.257:WARNING:pe_image_reader.cc(340)] could not read dos header from C:\WINDOWS\System32\cfgmgr32.dll
[0120/162039.257:ERROR:process_memory_win.cc(73)] ReadMemory at 0x7ffb2c260000 of 64 bytes failed: Only part of a ReadProcessMemory or WriteProcessMemory request was completed. (0x12B)
[0120/162039.257:WARNING:pe_image_reader.cc(340)] could not read dos header from C:\WINDOWS\SYSTEM32\PROPSYS.dll
[0120/162039.257:ERROR:process_memory_win.cc(73)] ReadMemory at 0x7ffb342f0000 of 64 bytes failed: Only part of a ReadProcessMemory or WriteProcessMemory request was completed. (0x12B)
[0120/162039.257:WARNING:pe_image_reader.cc(340)] could not read dos header from C:\WINDOWS\System32\shcore.dll
[0120/162039.257:ERROR:process_memory_win.cc(73)] ReadMemory at 0x7ffb31010000 of 64 bytes failed: Only part of a ReadProcessMemory or WriteProcessMemory request was completed. (0x12B)
[0120/162039.257:WARNING:pe_image_reader.cc(340)] could not read dos header from C:\WINDOWS\SYSTEM32\SSPICLI.DLL
[0120/162039.257:ERROR:process_memory_win.cc(73)] ReadMemory at 0x7ffb32310000 of 64 bytes failed: Only part of a ReadProcessMemory or WriteProcessMemory request was completed. (0x12B)
[0120/162039.257:WARNING:pe_image_reader.cc(340)] could not read dos header from C:\WINDOWS\System32\SHELL32.dll
[0120/162039.257:ERROR:process_memory_win.cc(73)] ReadMemory at 0x7ffb31bc0000 of 64 bytes failed: Only part of a ReadProcessMemory or WriteProcessMemory request was completed. (0x12B)
[0120/162039.257:WARNING:pe_image_reader.cc(340)] could not read dos header from C:\WINDOWS\System32\windows.storage.dll
[0120/162039.257:ERROR:process_memory_win.cc(73)] ReadMemory at 0x7ffb31100000 of 64 bytes failed: Only part of a ReadProcessMemory or WriteProcessMemory request was completed. (0x12B)
[0120/162039.257:WARNING:pe_image_reader.cc(340)] could not read dos header from C:\WINDOWS\System32\powrprof.dll
[0120/162039.257:ERROR:process_memory_win.cc(73)] ReadMemory at 0x7ffb33870000 of 64 bytes failed: Only part of a ReadProcessMemory or WriteProcessMemory request was completed. (0x12B)
[0120/162039.257:WARNING:pe_image_reader.cc(340)] could not read dos header from C:\WINDOWS\System32\shlwapi.dll
[0120/162039.257:ERROR:process_memory_win.cc(73)] ReadMemory at 0x7ffb31b40000 of 64 bytes failed: Only part of a ReadProcessMemory or WriteProcessMemory request was completed. (0x12B)
[0120/162039.257:WARNING:pe_image_reader.cc(340)] could not read dos header from C:\WINDOWS\System32\cryptsp.dll
[0120/162039.257:ERROR:process_memory_win.cc(73)] ReadMemory at 0x7ffb30240000 of 64 bytes failed: Only part of a ReadProcessMemory or WriteProcessMemory request was completed. (0x12B)
[0120/162039.257:WARNING:pe_image_reader.cc(340)] could not read dos header from C:\WINDOWS\SYSTEM32\CRYPTBASE.DLL
[0120/162039.257:ERROR:process_memory_win.cc(73)] ReadMemory at 0x7ff683520000 of 64 bytes failed: Only part of a ReadProcessMemory or WriteProcessMemory request was completed. (0x12B)
[0120/162039.257:WARNING:pe_image_reader.cc(340)] could not read dos header from C:\Program Files (x86)\Google\Chrome\Application\chrome.exe
[0120/162039.257:ERROR:process_memory_win.cc(73)] ReadMemory at 0x7ffb350f0000 of 64 bytes failed: Only part of a ReadProcessMemory or WriteProcessMemory request was completed. (0x12B)
[0120/162039.257:WARNING:pe_image_reader.cc(340)] could not read dos header from C:\WINDOWS\SYSTEM32\ntdll.dll
[0120/162039.257:ERROR:process_memory_win.cc(73)] ReadMemory at 0x7ffb34bc0000 of 64 bytes failed: Only part of a ReadProcessMemory or WriteProcessMemory request was completed. (0x12B)
[0120/162039.257:WARNING:pe_image_reader.cc(340)] could not read dos header from C:\WINDOWS\System32\KERNEL32.DLL
[0120/162039.257:ERROR:process_memory_win.cc(73)] ReadMemory at 0x7ffb312b0000 of 64 bytes failed: Only part of a ReadProcessMemory or WriteProcessMemory request was completed. (0x12B)
[0120/162039.257:WARNING:pe_image_reader.cc(340)] could not read dos header from C:\WINDOWS\System32\KERNELBASE.dll
[0120/162039.257:ERROR:process_memory_win.cc(73)] ReadMemory at 0x7ffb134b0000 of 64 bytes failed: Only part of a ReadProcessMemory or WriteProcessMemory request was completed. (0x12B)
[0120/162039.257:WARNING:pe_image_reader.cc(340)] could not read dos header from C:\Program Files (x86)\Google\Chrome\Application\79.0.3945.117\chrome_elf.dll
[0120/162039.257:ERROR:process_memory_win.cc(73)] ReadMemory at 0x7ffb30d90000 of 64 bytes failed: Only part of a ReadProcessMemory or WriteProcessMemory request was completed. (0x12B)
[0120/162039.257:WARNING:pe_image_reader.cc(340)] could not read dos header from C:\WINDOWS\SYSTEM32\VERSION.dll
[0120/162039.257:ERROR:process_memory_win.cc(73)] ReadMemory at 0x7ffb33d60000 of 64 bytes failed: Only part of a ReadProcessMemory or WriteProcessMemory request was completed. (0x12B)
[0120/162039.257:WARNING:pe_image_reader.cc(340)] could not read dos header from C:\WINDOWS\System32\msvcrt.dll
[0120/162039.257:ERROR:process_memory_win.cc(73)] ReadMemory at 0x7ffb087f0000 of 64 bytes failed: Only part of a ReadProcessMemory or WriteProcessMemory request was completed. (0x12B)
[0120/162039.257:WARNING:pe_image_reader.cc(340)] could not read dos header from C:\Program Files\McAfee\Endpoint Security\Threat Prevention\Ips\EpMPApi.dll
[0120/162039.257:ERROR:process_memory_win.cc(73)] ReadMemory at 0x7ffb34500000 of 64 bytes failed: Only part of a ReadProcessMemory or WriteProcessMemory request was completed. (0x12B)
[0120/162039.257:WARNING:pe_image_reader.cc(340)] could not read dos header from C:\WINDOWS\System32\RPCRT4.dll
[0120/162039.257:ERROR:process_memory_win.cc(73)] ReadMemory at 0x7ffb34ef0000 of 64 bytes failed: Only part of a ReadProcessMemory or WriteProcessMemory request was completed. (0x12B)
[0120/162039.257:WARNING:pe_image_reader.cc(340)] could not read dos header from C:\WINDOWS\System32\USER32.dll
[0120/162039.257:ERROR:process_memory_win.cc(73)] ReadMemory at 0x7ffb315a0000 of 64 bytes failed: Only part of a ReadProcessMemory or WriteProcessMemory request was completed. (0x12B)
[0120/162039.257:WARNING:pe_image_reader.cc(340)] could not read dos header from C:\WINDOWS\System32\win32u.dll
[0120/162039.257:ERROR:process_memory_win.cc(73)] ReadMemory at 0x7ffb33a00000 of 64 bytes failed: Only part of a ReadProcessMemory or WriteProcessMemory request was completed. (0x12B)
[0120/162039.257:WARNING:pe_image_reader.cc(340)] could not read dos header from C:\WINDOWS\System32\GDI32.dll
[0120/162039.257:ERROR:process_memory_win.cc(73)] ReadMemory at 0x7ffb318f0000 of 64 bytes failed: Only part of a ReadProcessMemory or WriteProcessMemory request was completed. (0x12B)
[0120/162039.257:WARNING:pe_image_reader.cc(340)] could not read dos header from C:\WINDOWS\System32\gdi32full.dll
[0120/162039.257:ERROR:process_memory_win.cc(73)] ReadMemory at 0x7ffb31820000 of 64 bytes failed: Only part of a ReadProcessMemory or WriteProcessMemory request was completed. (0x12B)
[0120/162039.257:WARNING:pe_image_reader.cc(340)] could not read dos header from C:\WINDOWS\System32\msvcp_win.dll
[0120/162039.257:ERROR:process_memory_win.cc(73)] ReadMemory at 0x7ffb311b0000 of 64 bytes failed: Only part of a ReadProcessMemory or WriteProcessMemory request was completed. (0x12B)
[0120/162039.257:WARNING:pe_image_reader.cc(340)] could not read dos header from C:\WINDOWS\System32\ucrtbase.dll
[0120/162039.257:ERROR:process_memory_win.cc(73)] ReadMemory at 0x7ffb34ab0000 of 64 bytes failed: Only part of a ReadProcessMemory or WriteProcessMemory request was completed. (0x12B)
[0120/162039.257:WARNING:pe_image_reader.cc(340)] could not read dos header from C:\WINDOWS\System32\ADVAPI32.dll
[0120/162039.257:ERROR:process_memory_win.cc(73)] ReadMemory at 0x7ffb33fc0000 of 64 bytes failed: Only part of a ReadProcessMemory or WriteProcessMemory request was completed. (0x12B)
[0120/162039.257:WARNING:pe_image_reader.cc(340)] could not read dos header from C:\WINDOWS\System32\sechost.dll
[0120/162039.257:ERROR:process_memory_win.cc(73)] ReadMemory at 0x7ffb31b60000 of 64 bytes failed: Only part of a ReadProcessMemory or WriteProcessMemory request was completed. (0x12B)
[0120/162039.257:WARNING:pe_image_reader.cc(340)] could not read dos header from C:\WINDOWS\System32\WINTRUST.dll
[0120/162039.257:ERROR:process_memory_win.cc(73)] ReadMemory at 0x7ffb310e0000 of 64 bytes failed: Only part of a ReadProcessMemory or WriteProcessMemory request was completed. (0x12B)
[0120/162039.257:WARNING:pe_image_reader.cc(340)] could not read dos header from C:\WINDOWS\System32\MSASN1.dll
[0120/162039.257:ERROR:process_memory_win.cc(73)] ReadMemory at 0x7ffb315c0000 of 64 bytes failed: Only part of a ReadProcessMemory or WriteProcessMemory request was completed. (0x12B)
[0120/162039.257:WARNING:pe_image_reader.cc(340)] could not read dos header from C:\WINDOWS\System32\CRYPT32.dll
[0120/162039.257:ERROR:process_memory_win.cc(73)] ReadMemory at 0x1db00180000 of 64 bytes failed: Only part of a ReadProcessMemory or WriteProcessMemory request was completed. (0x12B)
[0120/162039.257:WARNING:pe_image_reader.cc(340)] could not read dos header from C:\WINDOWS\System32\IMM32.DLL
[0120/162039.257:ERROR:process_memory_win.cc(73)] ReadMemory at 0x7ffb317a0000 of 64 bytes failed: Only part of a ReadProcessMemory or WriteProcessMemory request was completed. (0x12B)
[0120/162039.257:WARNING:pe_image_reader.cc(340)] could not read dos header from C:\WINDOWS\System32\bcryptPrimitives.dll
[0120/162039.257:ERROR:process_memory_win.cc(73)] ReadMemory at 0x7ffadc430000 of 64 bytes failed: Only part of a ReadProcessMemory or WriteProcessMemory request was completed. (0x12B)
[0120/162039.257:WARNING:pe_image_reader.cc(340)] could not read dos header from C:\Program Files (x86)\Google\Chrome\Application\79.0.3945.117\chrome_child.dll
[0120/162039.257:ERROR:process_memory_win.cc(73)] ReadMemory at 0x7ffb33e00000 of 64 bytes failed: Only part of a ReadProcessMemory or WriteProcessMemory request was completed. (0x12B)
[0120/162039.257:WARNING:pe_image_reader.cc(340)] could not read dos header from C:\WINDOWS\System32\OLEAUT32.dll
[0120/162039.257:ERROR:process_memory_win.cc(73)] ReadMemory at 0x1db006e0000 of 64 bytes failed: Only part of a ReadProcessMemory or WriteProcessMemory request was completed. (0x12B)
[0120/162039.257:WARNING:pe_image_reader.cc(340)] could not read dos header from C:\WINDOWS\System32\combase.dll
[0120/162039.257:ERROR:process_memory_win.cc(73)] ReadMemory at 0x7ffb34060000 of 64 bytes failed: Only part of a ReadProcessMemory or WriteProcessMemory request was completed. (0x12B)
[0120/162039.257:WARNING:pe_image_reader.cc(340)] could not read dos header from C:\WINDOWS\System32\WS2_32.dll
[0120/162039.257:ERROR:process_memory_win.cc(73)] ReadMemory at 0x7ffb2fd90000 of 64 bytes failed: Only part of a ReadProcessMemory or WriteProcessMemory request was completed. (0x12B)
[0120/162039.257:WARNING:pe_image_reader.cc(340)] could not read dos header from C:\WINDOWS\SYSTEM32\IPHLPAPI.DLL
[0120/162039.257:ERROR:process_memory_win.cc(73)] ReadMemory at 0x7ffb2bbb0000 of 64 bytes failed: Only part of a ReadProcessMemory or WriteProcessMemory request was completed. (0x12B)
[0120/162039.257:WARNING:pe_image_reader.cc(340)] could not read dos header from C:\WINDOWS\SYSTEM32\WINMM.dll
[0120/162039.257:ERROR:process_memory_win.cc(73)] ReadMemory at 0x7ffb30fe0000 of 64 bytes failed: Only part of a ReadProcessMemory or WriteProcessMemory request was completed. (0x12B)
[0120/162039.257:WARNING:pe_image_reader.cc(340)] could not read dos header from C:\WINDOWS\SYSTEM32\USERENV.dll
[0120/162039.257:ERROR:process_memory_win.cc(73)] ReadMemory at 0x7ffb31180000 of 64 bytes failed: Only part of a ReadProcessMemory or WriteProcessMemory request was completed. (0x12B)
[0120/162039.257:WARNING:pe_image_reader.cc(340)] could not read dos header from C:\WINDOWS\System32\profapi.dll
[0120/162039.257:ERROR:process_memory_win.cc(73)] ReadMemory at 0x7ffb2e7a0000 of 64 bytes failed: Only part of a ReadProcessMemory or WriteProcessMemory request was completed. (0x12B)
[0120/162039.257:WARNING:pe_image_reader.cc(340)] could not read dos header from C:\WINDOWS\SYSTEM32\DWrite.dll
[0120/162039.257:ERROR:process_memory_win.cc(73)] ReadMemory at 0x7ffb2c440000 of 64 bytes failed: Only part of a ReadProcessMemory or WriteProcessMemory request was completed. (0x12B)
[0120/162039.257:WARNING:pe_image_reader.cc(340)] could not read dos header from C:\WINDOWS\SYSTEM32\WINSPOOL.DRV
[0120/162039.257:ERROR:process_memory_win.cc(73)] ReadMemory at 0x7ffb31160000 of 64 bytes failed: Only part of a ReadProcessMemory or WriteProcessMemory request was completed. (0x12B)
[0120/162039.257:WARNING:pe_image_reader.cc(340)] could not read dos header from C:\WINDOWS\System32\kernel.appcore.dll
[0120/162039.257:ERROR:process_memory_win.cc(73)] ReadMemory at 0x7ffb318c0000 of 64 bytes failed: Only part of a ReadProcessMemory or WriteProcessMemory request was completed. (0x12B)
[0120/162039.257:WARNING:pe_image_reader.cc(340)] could not read dos header from C:\WINDOWS\System32\bcrypt.dll
[0120/162039.257:ERROR:process_memory_win.cc(73)] ReadMemory at 0x7ffb2ed20000 of 64 bytes failed: Only part of a ReadProcessMemory or WriteProcessMemory request was completed. (0x12B)
[0120/162039.257:WARNING:pe_image_reader.cc(340)] could not read dos header from C:\WINDOWS\SYSTEM32\dbghelp.dll
[0120/162039.257:ERROR:process_memory_win.cc(73)] ReadMemory at 0x7ffb28c30000 of 64 bytes failed: Only part of a ReadProcessMemory or WriteProcessMemory request was completed. (0x12B)
[0120/162039.257:WARNING:pe_image_reader.cc(340)] could not read dos header from C:\WINDOWS\SYSTEM32\Secur32.dll
[0120/162039.257:ERROR:process_memory_win.cc(73)] ReadMemory at 0x7ffb2bab0000 of 64 bytes failed: Only part of a ReadProcessMemory or WriteProcessMemory request was completed. (0x12B)
[0120/162039.257:WARNING:pe_image_reader.cc(340)] could not read dos header from C:\WINDOWS\SYSTEM32\WINHTTP.dll
[0120/162039.257:ERROR:process_memory_win.cc(73)] ReadMemory at 0x7ffb2b190000 of 64 bytes failed: Only part of a ReadProcessMemory or WriteProcessMemory request was completed. (0x12B)
[0120/162039.257:WARNING:pe_image_reader.cc(340)] could not read dos header from C:\WINDOWS\SYSTEM32\dhcpcsvc.DLL
[0120/162039.257:ERROR:process_memory_win.cc(73)] ReadMemory at 0x7ffb33fb0000 of 64 bytes failed: Only part of a ReadProcessMemory or WriteProcessMemory request was completed. (0x12B)
[0120/162039.257:WARNING:pe_image_reader.cc(340)] could not read dos header from C:\WINDOWS\System32\NSI.dll
[0120/162039.257:ERROR:process_memory_win.cc(73)] ReadMemory at 0x7ffb2ba80000 of 64 bytes failed: Only part of a ReadProcessMemory or WriteProcessMemory request was completed. (0x12B)
[0120/162039.257:WARNING:pe_image_reader.cc(340)] could not read dos header from C:\WINDOWS\SYSTEM32\WINMMBASE.dll
[0120/162039.257:ERROR:process_memory_win.cc(73)] ReadMemory at 0x7ffb31550000 of 64 bytes failed: Only part of a ReadProcessMemory or WriteProcessMemory request was completed. (0x12B)
[0120/162039.257:WARNING:pe_image_reader.cc(340)] could not read dos header from C:\WINDOWS\System32\cfgmgr32.dll
[0120/162039.257:ERROR:process_memory_win.cc(73)] ReadMemory at 0x7ffb2c260000 of 64 bytes failed: Only part of a ReadProcessMemory or WriteProcessMemory request was completed. (0x12B)
[0120/162039.257:WARNING:pe_image_reader.cc(340)] could not read dos header from C:\WINDOWS\SYSTEM32\PROPSYS.dll
[0120/162039.257:ERROR:process_memory_win.cc(73)] ReadMemory at 0x7ffb342f0000 of 64 bytes failed: Only part of a ReadProcessMemory or WriteProcessMemory request was completed. (0x12B)
[0120/162039.257:WARNING:pe_image_reader.cc(340)] could not read dos header from C:\WINDOWS\System32\shcore.dll
[0120/162039.257:ERROR:process_memory_win.cc(73)] ReadMemory at 0x7ffb31010000 of 64 bytes failed: Only part of a ReadProcessMemory or WriteProcessMemory request was completed. (0x12B)
[0120/162039.257:WARNING:pe_image_reader.cc(340)] could not read dos header from C:\WINDOWS\SYSTEM32\SSPICLI.DLL
[0120/162039.257:ERROR:process_memory_win.cc(73)] ReadMemory at 0x7ffb32310000 of 64 bytes failed: Only part of a ReadProcessMemory or WriteProcessMemory request was completed. (0x12B)
[0120/162039.257:WARNING:pe_image_reader.cc(340)] could not read dos header from C:\WINDOWS\System32\SHELL32.dll
[0120/162039.257:ERROR:process_memory_win.cc(73)] ReadMemory at 0x7ffb31bc0000 of 64 bytes failed: Only part of a ReadProcessMemory or WriteProcessMemory request was completed. (0x12B)
[0120/162039.257:WARNING:pe_image_reader.cc(340)] could not read dos header from C:\WINDOWS\System32\windows.storage.dll
[0120/162039.257:ERROR:process_memory_win.cc(73)] ReadMemory at 0x7ffb31100000 of 64 bytes failed: Only part of a ReadProcessMemory or WriteProcessMemory request was completed. (0x12B)
[0120/162039.257:WARNING:pe_image_reader.cc(340)] could not read dos header from C:\WINDOWS\System32\powrprof.dll
[0120/162039.257:ERROR:process_memory_win.cc(73)] ReadMemory at 0x7ffb33870000 of 64 bytes failed: Only part of a ReadProcessMemory or WriteProcessMemory request was completed. (0x12B)
[0120/162039.257:WARNING:pe_image_reader.cc(340)] could not read dos header from C:\WINDOWS\System32\shlwapi.dll
[0120/162039.257:ERROR:process_memory_win.cc(73)] ReadMemory at 0x7ffb31b40000 of 64 bytes failed: Only part of a ReadProcessMemory or WriteProcessMemory request was completed. (0x12B)
[0120/162039.257:WARNING:pe_image_reader.cc(340)] could not read dos header from C:\WINDOWS\System32\cryptsp.dll
[0120/162039.257:ERROR:process_memory_win.cc(73)] ReadMemory at 0x7ffb30240000 of 64 bytes failed: Only part of a ReadProcessMemory or WriteProcessMemory request was completed. (0x12B)
[0120/162039.257:WARNING:pe_image_reader.cc(340)] could not read dos header from C:\WINDOWS\SYSTEM32\CRYPTBASE.DLL
[0120/162039.304:ERROR:process_memory_win.cc(73)] ReadMemory at 0x7e737d9000 of 159744 bytes failed: Only part of a ReadProcessMemory or WriteProcessMemory request was completed. (0x12B)
[0120/162039.304:ERROR:process_memory_win.cc(73)] ReadMemory at 0x7e747fd000 of 12288 bytes failed: Only part of a ReadProcessMemory or WriteProcessMemory request was completed. (0x12B)
[0120/162039.304:ERROR:process_memory_win.cc(73)] ReadMemory at 0x7e74ffc000 of 16384 bytes failed: Only part of a ReadProcessMemory or WriteProcessMemory request was completed. (0x12B)
[0120/162039.304:ERROR:process_memory_win.cc(73)] ReadMemory at 0x7e757fc000 of 16384 bytes failed: Only part of a ReadProcessMemory or WriteProcessMemory request was completed. (0x12B)
[0120/162039.304:ERROR:process_memory_win.cc(73)] ReadMemory at 0x7e75ffc000 of 16384 bytes failed: Only part of a ReadProcessMemory or WriteProcessMemory request was completed. (0x12B)
[0120/162039.304:ERROR:process_memory_win.cc(73)] ReadMemory at 0x7e767ff000 of 4096 bytes failed: Only part of a ReadProcessMemory or WriteProcessMemory request was completed. (0x12B)
[0120/162039.304:ERROR:process_memory_win.cc(73)] ReadMemory at 0x7e76ffd000 of 12288 bytes failed: Only part of a ReadProcessMemory or WriteProcessMemory request was completed. (0x12B)
[0120/162039.304:ERROR:process_memory_win.cc(73)] ReadMemory at 0x7e777fb000 of 20480 bytes failed: Only part of a ReadProcessMemory or WriteProcessMemory request was completed. (0x12B)
[0120/162039.304:ERROR:process_memory_win.cc(73)] ReadMemory at 0x7e77ffd000 of 12288 bytes failed: Only part of a ReadProcessMemory or WriteProcessMemory request was completed. (0x12B)
[0120/162039.304:ERROR:process_memory_win.cc(73)] ReadMemory at 0x7e78ff9000 of 28672 bytes failed: Only part of a ReadProcessMemory or WriteProcessMemory request was completed. (0x12B)
[0120/162039.304:ERROR:process_memory_win.cc(73)] ReadMemory at 0x7e797fa000 of 24576 bytes failed: Only part of a ReadProcessMemory or WriteProcessMemory request was completed. (0x12B)
[0120/162039.304:ERROR:process_memory_win.cc(73)] ReadMemory at 0x7e79ffd000 of 12288 bytes failed: Only part of a ReadProcessMemory or WriteProcessMemory request was completed. (0x12B)
[0120/162039.320:ERROR:process_memory_win.cc(73)] ReadMemory at 0x7e7a7fc000 of 16384 bytes failed: Only part of a ReadProcessMemory or WriteProcessMemory request was completed. (0x12B)
[0120/162039.320:ERROR:process_memory_win.cc(73)] ReadMemory at 0x7e72eee000 of 852 bytes failed: Only part of a ReadProcessMemory or WriteProcessMemory request was completed. (0x12B)
[0120/162039.320:ERROR:process_memory_win.cc(73)] ReadMemory at 0x7e72eef000 of 6024 bytes failed: Only part of a ReadProcessMemory or WriteProcessMemory request was completed. (0x12B)
[0120/162039.320:ERROR:process_memory_win.cc(73)] ReadMemory at 0x7e72ef3000 of 6024 bytes failed: Only part of a ReadProcessMemory or WriteProcessMemory request was completed. (0x12B)
[0120/162039.320:ERROR:process_memory_win.cc(73)] ReadMemory at 0x7e72ef5000 of 6024 bytes failed: Only part of a ReadProcessMemory or WriteProcessMemory request was completed. (0x12B)
[0120/162039.320:ERROR:process_memory_win.cc(73)] ReadMemory at 0x7e72ef7000 of 6024 bytes failed: Only part of a ReadProcessMemory or WriteProcessMemory request was completed. (0x12B)
[0120/162039.320:ERROR:process_memory_win.cc(73)] ReadMemory at 0x7e72ef9000 of 6024 bytes failed: Only part of a ReadProcessMemory or WriteProcessMemory request was completed. (0x12B)
[0120/162039.320:ERROR:process_memory_win.cc(73)] ReadMemory at 0x7e72efb000 of 6024 bytes failed: Only part of a ReadProcessMemory or WriteProcessMemory request was completed. (0x12B)
[0120/162039.320:ERROR:process_memory_win.cc(73)] ReadMemory at 0x7e72efd000 of 6024 bytes failed: Only part of a ReadProcessMemory or WriteProcessMemory request was completed. (0x12B)
[0120/162039.320:ERROR:process_memory_win.cc(73)] ReadMemory at 0x7e72eff000 of 6024 bytes failed: Only part of a ReadProcessMemory or WriteProcessMemory request was completed. (0x12B)
[0120/162039.320:ERROR:process_memory_win.cc(73)] ReadMemory at 0x7e72f01000 of 6024 bytes failed: Only part of a ReadProcessMemory or WriteProcessMemory request was completed. (0x12B)
[0120/162039.320:ERROR:process_memory_win.cc(73)] ReadMemory at 0x7e72f05000 of 6024 bytes failed: Only part of a ReadProcessMemory or WriteProcessMemory request was completed. (0x12B)
[0120/162039.320:ERROR:process_memory_win.cc(73)] ReadMemory at 0x7e72f07000 of 6024 bytes failed: Only part of a ReadProcessMemory or WriteProcessMemory request was completed. (0x12B)
[0120/162039.320:ERROR:process_memory_win.cc(73)] ReadMemory at 0x7e72f09000 of 6024 bytes failed: Only part of a ReadProcessMemory or WriteProcessMemory request was completed. (0x12B)
[0120/162039.320:ERROR:process_memory_win.cc(73)] ReadMemory at 0x7e72f0b000 of 6024 bytes failed: Only part of a ReadProcessMemory or WriteProcessMemory request was completed. (0x12B)
[0120/162039.320:ERROR:process_memory_win.cc(73)] ReadMemory at 0x1db005c0000 of 384 bytes failed: Only part of a ReadProcessMemory or WriteProcessMemory request was completed. (0x12B)
[0120/162039.320:ERROR:process_memory_win.cc(73)] ReadMemory at 0x1db005d0330 of 512 bytes failed: Only part of a ReadProcessMemory or WriteProcessMemory request was completed. (0x12B)
[0120/162039.320:ERROR:process_memory_win.cc(73)] ReadMemory at 0x1db005d0bd0 of 512 bytes failed: Only part of a ReadProcessMemory or WriteProcessMemory request was completed. (0x12B)
[0120/162039.320:ERROR:process_memory_win.cc(73)] ReadMemory at 0x1db005d3c88 of 512 bytes failed: Only part of a ReadProcessMemory or WriteProcessMemory request was completed. (0x12B)
[0120/162039.320:ERROR:process_memory_win.cc(73)] ReadMemory at 0x1db005d4020 of 512 bytes failed: Only part of a ReadProcessMemory or WriteProcessMemory request was completed. (0x12B)
[0120/162039.320:ERROR:process_memory_win.cc(73)] ReadMemory at 0x1db005db6b0 of 656 bytes failed: Only part of a ReadProcessMemory or WriteProcessMemory request was completed. (0x12B)
[0120/162039.320:ERROR:process_memory_win.cc(73)] ReadMemory at 0x1db005e4d84 of 588 bytes failed: Only part of a ReadProcessMemory or WriteProcessMemory request was completed. (0x12B)
[0120/162039.320:ERROR:process_memory_win.cc(73)] ReadMemory at 0x1db005eda40 of 512 bytes failed: Only part of a ReadProcessMemory or WriteProcessMemory request was completed. (0x12B)
[0120/162039.320:ERROR:process_memory_win.cc(73)] ReadMemory at 0x1db005f3990 of 512 bytes failed: Only part of a ReadProcessMemory or WriteProcessMemory request was completed. (0x12B)
[0120/162039.320:ERROR:process_memory_win.cc(73)] ReadMemory at 0x1db0060ebf0 of 712 bytes failed: Only part of a ReadProcessMemory or WriteProcessMemory request was completed. (0x12B)
[0120/162039.320:ERROR:process_memory_win.cc(73)] ReadMemory at 0x1db00635e68 of 512 bytes failed: Only part of a ReadProcessMemory or WriteProcessMemory request was completed. (0x12B)
[0120/162039.320:ERROR:process_memory_win.cc(73)] ReadMemory at 0x1db006365b8 of 512 bytes failed: Only part of a ReadProcessMemory or WriteProcessMemory request was completed. (0x12B)
[0120/162039.320:ERROR:process_memory_win.cc(73)] ReadMemory at 0x1db00636e28 of 512 bytes failed: Only part of a ReadProcessMemory or WriteProcessMemory request was completed. (0x12B)
[0120/162039.320:ERROR:process_memory_win.cc(73)] ReadMemory at 0x1db00b88781 of 512 bytes failed: Only part of a ReadProcessMemory or WriteProcessMemory request was completed. (0x12B)
[0120/162039.320:ERROR:process_memory_win.cc(73)] ReadMemory at 0x1db027511b0 of 512 bytes failed: Only part of a ReadProcessMemory or WriteProcessMemory request was completed. (0x12B)
[0120/162039.320:ERROR:process_memory_win.cc(73)] ReadMemory at 0x1db02872190 of 512 bytes failed: Only part of a ReadProcessMemory or WriteProcessMemory request was completed. (0x12B)
[0120/162039.320:ERROR:process_memory_win.cc(73)] ReadMemory at 0x1db029a0000 of 384 bytes failed: Only part of a ReadProcessMemory or WriteProcessMemory request was completed. (0x12B)
[0120/162039.320:ERROR:process_memory_win.cc(73)] ReadMemory at 0x1db02c93aa0 of 512 bytes failed: Only part of a ReadProcessMemory or WriteProcessMemory request was completed. (0x12B)
[0120/162039.320:ERROR:process_memory_win.cc(73)] ReadMemory at 0x1db03593cf0 of 512 bytes failed: Only part of a ReadProcessMemory or WriteProcessMemory request was completed. (0x12B)
[0120/162039.320:ERROR:process_memory_win.cc(73)] ReadMemory at 0x1db0370d088 of 512 bytes failed: Only part of a ReadProcessMemory or WriteProcessMemory request was completed. (0x12B)
[0120/162039.320:ERROR:process_memory_win.cc(73)] ReadMemory at 0x1db03737e40 of 512 bytes failed: Only part of a ReadProcessMemory or WriteProcessMemory request was completed. (0x12B)
[0120/162039.320:ERROR:process_memory_win.cc(73)] ReadMemory at 0x1db0378e2e0 of 520 bytes failed: Only part of a ReadProcessMemory or WriteProcessMemory request was completed. (0x12B)
[0120/162039.320:ERROR:process_memory_win.cc(73)] ReadMemory at 0x1db4ac90fe0 of 7104 bytes failed: Only part of a ReadProcessMemory or WriteProcessMemory request was completed. (0x12B)
[0120/162039.320:ERROR:process_memory_win.cc(73)] ReadMemory at 0x1db4ac92bb0 of 1012 bytes failed: Only part of a ReadProcessMemory or WriteProcessMemory request was completed. (0x12B)
[0120/162039.320:ERROR:process_memory_win.cc(73)] ReadMemory at 0x1db4ac931d8 of 118 bytes failed: Only part of a ReadProcessMemory or WriteProcessMemory request was completed. (0x12B)
[0120/162039.320:ERROR:process_memory_win.cc(73)] ReadMemory at 0x1db4ac93250 of 1464 bytes failed: Only part of a ReadProcessMemory or WriteProcessMemory request was completed. (0x12B)
[0120/162039.320:ERROR:process_memory_win.cc(73)] ReadMemory at 0x1db4ac9380a of 118 bytes failed: Only part of a ReadProcessMemory or WriteProcessMemory request was completed. (0x12B)
[0120/162039.320:ERROR:process_memory_win.cc(73)] ReadMemory at 0x1db4ac93882 of 98 bytes failed: Only part of a ReadProcessMemory or WriteProcessMemory request was completed. (0x12B)
[0120/162039.320:ERROR:process_memory_win.cc(73)] ReadMemory at 0x1db4ac938f0 of 58 bytes failed: Only part of a ReadProcessMemory or WriteProcessMemory request was completed. (0x12B)
[0120/162039.320:ERROR:process_memory_win.cc(73)] ReadMemory at 0x1db4ac939f0 of 132 bytes failed: Only part of a ReadProcessMemory or WriteProcessMemory request was completed. (0x12B)
[0120/162039.320:ERROR:process_memory_win.cc(73)] ReadMemory at 0x1db4ac93b80 of 132 bytes failed: Only part of a ReadProcessMemory or WriteProcessMemory request was completed. (0x12B)
[0120/162039.320:ERROR:process_memory_win.cc(73)] ReadMemory at 0x1db4ac93d40 of 126 bytes failed: Only part of a ReadProcessMemory or WriteProcessMemory request was completed. (0x12B)
[0120/162039.320:ERROR:process_memory_win.cc(73)] ReadMemory at 0x1db4ac94120 of 132 bytes failed: Only part of a ReadProcessMemory or WriteProcessMemory request was completed. (0x12B)
[0120/162039.320:ERROR:process_memory_win.cc(73)] ReadMemory at 0x1db4ac942b0 of 64 bytes failed: Only part of a ReadProcessMemory or WriteProcessMemory request was completed. (0x12B)
[0120/162039.320:ERROR:process_memory_win.cc(73)] ReadMemory at 0x1db4ac94470 of 132 bytes failed: Only part of a ReadProcessMemory or WriteProcessMemory request was completed. (0x12B)
[0120/162039.320:ERROR:process_memory_win.cc(73)] ReadMemory at 0x1db4ac94710 of 132 bytes failed: Only part of a ReadProcessMemory or WriteProcessMemory request was completed. (0x12B)
[0120/162039.320:ERROR:process_memory_win.cc(73)] ReadMemory at 0x1db4ac948a0 of 68 bytes failed: Only part of a ReadProcessMemory or WriteProcessMemory request was completed. (0x12B)
[0120/162039.320:ERROR:process_memory_win.cc(73)] ReadMemory at 0x1db4ac959c0 of 132 bytes failed: Only part of a ReadProcessMemory or WriteProcessMemory request was completed. (0x12B)
[0120/162039.320:ERROR:process_memory_win.cc(73)] ReadMemory at 0x1db4ac95b50 of 154 bytes failed: Only part of a ReadProcessMemory or WriteProcessMemory request was completed. (0x12B)
[0120/162039.320:ERROR:process_memory_win.cc(73)] ReadMemory at 0x1db4ac96680 of 132 bytes failed: Only part of a ReadProcessMemory or WriteProcessMemory request was completed. (0x12B)
[0120/162039.320:ERROR:process_memory_win.cc(73)] ReadMemory at 0x1db4ac96960 of 62 bytes failed: Only part of a ReadProcessMemory or WriteProcessMemory request was completed. (0x12B)
[0120/162039.320:ERROR:process_memory_win.cc(73)] ReadMemory at 0x1db4ac96a70 of 60 bytes failed: Only part of a ReadProcessMemory or WriteProcessMemory request was completed. (0x12B)
[0120/162039.320:ERROR:process_memory_win.cc(73)] ReadMemory at 0x1db4ac96ac0 of 132 bytes failed: Only part of a ReadProcessMemory or WriteProcessMemory request was completed. (0x12B)
[0120/162039.320:ERROR:process_memory_win.cc(73)] ReadMemory at 0x1db4ac96c50 of 60 bytes failed: Only part of a ReadProcessMemory or WriteProcessMemory request was completed. (0x12B)
[0120/162039.320:ERROR:process_memory_win.cc(73)] ReadMemory at 0x1db4ac96ca0 of 150 bytes failed: Only part of a ReadProcessMemory or WriteProcessMemory request was completed. (0x12B)
[0120/162039.320:ERROR:process_memory_win.cc(73)] ReadMemory at 0x1db4ac96dd0 of 132 bytes failed: Only part of a ReadProcessMemory or WriteProcessMemory request was completed. (0x12B)
[0120/162039.320:ERROR:process_memory_win.cc(73)] ReadMemory at 0x1db4ac98470 of 132 bytes failed: Only part of a ReadProcessMemory or WriteProcessMemory request was completed. (0x12B)
[0120/162039.320:ERROR:process_memory_win.cc(73)] ReadMemory at 0x1db4ac985a0 of 60 bytes failed: Only part of a ReadProcessMemory or WriteProcessMemory request was completed. (0x12B)
[0120/162039.320:ERROR:process_memory_win.cc(73)] ReadMemory at 0x1db4ac98810 of 132 bytes failed: Only part of a ReadProcessMemory or WriteProcessMemory request was completed. (0x12B)
[0120/162039.320:ERROR:process_memory_win.cc(73)] ReadMemory at 0x1db4ac989a0 of 60 bytes failed: Only part of a ReadProcessMemory or WriteProcessMemory request was completed. (0x12B)
[0120/162039.320:ERROR:process_memory_win.cc(73)] ReadMemory at 0x1db4ac98b00 of 132 bytes failed: Only part of a ReadProcessMemory or WriteProcessMemory request was completed. (0x12B)
[0120/162039.320:ERROR:process_memory_win.cc(73)] ReadMemory at 0x1db4ac98c90 of 58 bytes failed: Only part of a ReadProcessMemory or WriteProcessMemory request was completed. (0x12B)
[0120/162039.320:ERROR:process_memory_win.cc(73)] ReadMemory at 0x1db4ac9b2b0 of 132 bytes failed: Only part of a ReadProcessMemory or WriteProcessMemory request was completed. (0x12B)
[0120/162039.320:ERROR:process_memory_win.cc(73)] ReadMemory at 0x1db4ac9b3e0 of 66 bytes failed: Only part of a ReadProcessMemory or WriteProcessMemory request was completed. (0x12B)
[0120/162039.320:ERROR:process_memory_win.cc(73)] ReadMemory at 0x1db4ac9b6a0 of 132 bytes failed: Only part of a ReadProcessMemory or WriteProcessMemory request was completed. (0x12B)
[0120/162039.320:ERROR:process_memory_win.cc(73)] ReadMemory at 0x1db4ac9c430 of 62 bytes failed: Only part of a ReadProcessMemory or WriteProcessMemory request was completed. (0x12B)
[0120/162039.320:ERROR:process_memory_win.cc(73)] ReadMemory at 0x1db4ac9c520 of 66 bytes failed: Only part of a ReadProcessMemory or WriteProcessMemory request was completed. (0x12B)
[0120/162039.320:ERROR:process_memory_win.cc(73)] ReadMemory at 0x1db4ac9c610 of 64 bytes failed: Only part of a ReadProcessMemory or WriteProcessMemory request was completed. (0x12B)
[0120/162039.320:ERROR:process_memory_win.cc(73)] ReadMemory at 0x1db4ac9c660 of 64 bytes failed: Only part of a ReadProcessMemory or WriteProcessMemory request was completed. (0x12B)
[0120/162039.320:ERROR:process_memory_win.cc(73)] ReadMemory at 0x1db4ac9c6b0 of 64 bytes failed: Only part of a ReadProcessMemory or WriteProcessMemory request was completed. (0x12B)
[0120/162039.320:ERROR:process_memory_win.cc(73)] ReadMemory at 0x1db4ac9c700 of 60 bytes failed: Only part of a ReadProcessMemory or WriteProcessMemory request was completed. (0x12B)
[0120/162039.320:ERROR:process_memory_win.cc(73)] ReadMemory at 0x1db4ac9c7f0 of 62 bytes failed: Only part of a ReadProcessMemory or WriteProcessMemory request was completed. (0x12B)
[0120/162039.320:ERROR:process_memory_win.cc(73)] ReadMemory at 0x1db4ac9c8e0 of 58 bytes failed: Only part of a ReadProcessMemory or WriteProcessMemory request was completed. (0x12B)
[0120/162039.320:ERROR:process_memory_win.cc(73)] ReadMemory at 0x1db4ac9ce10 of 132 bytes failed: Only part of a ReadProcessMemory or WriteProcessMemory request was completed. (0x12B)
[0120/162039.320:ERROR:process_memory_win.cc(73)] ReadMemory at 0x1db4ac9cf40 of 158 bytes failed: Only part of a ReadProcessMemory or WriteProcessMemory request was completed. (0x12B)
[0120/162039.320:ERROR:process_memory_win.cc(73)] ReadMemory at 0x1db4ac9d5a0 of 132 bytes failed: Only part of a ReadProcessMemory or WriteProcessMemory request was completed. (0x12B)
[0120/162039.320:ERROR:process_memory_win.cc(73)] ReadMemory at 0x1db4ac9d8f0 of 132 bytes failed: Only part of a ReadProcessMemory or WriteProcessMemory request was completed. (0x12B)
[0120/162039.320:ERROR:process_memory_win.cc(73)] ReadMemory at 0x1db4ac9dc60 of 132 bytes failed: Only part of a ReadProcessMemory or WriteProcessMemory request was completed. (0x12B)
[0120/162039.320:ERROR:process_memory_win.cc(73)] ReadMemory at 0x1db4ac9dd90 of 132 bytes failed: Only part of a ReadProcessMemory or WriteProcessMemory request was completed. (0x12B)
[0120/162039.320:ERROR:process_memory_win.cc(73)] ReadMemory at 0x1db4ac9dec0 of 132 bytes failed: Only part of a ReadProcessMemory or WriteProcessMemory request was completed. (0x12B)
[0120/162039.320:ERROR:process_memory_win.cc(73)] ReadMemory at 0x1db4ac9dff0 of 132 bytes failed: Only part of a ReadProcessMemory or WriteProcessMemory request was completed. (0x12B)
[0120/162039.320:ERROR:process_memory_win.cc(73)] ReadMemory at 0x1db4ac9e120 of 132 bytes failed: Only part of a ReadProcessMemory or WriteProcessMemory request was completed. (0x12B)
[0120/162039.320:ERROR:process_memory_win.cc(73)] ReadMemory at 0x1db4ac9e250 of 132 bytes failed: Only part of a ReadProcessMemory or WriteProcessMemory request was completed. (0x12B)
[0120/162039.320:ERROR:process_memory_win.cc(73)] ReadMemory at 0x1db4ac9e4b0 of 132 bytes failed: Only part of a ReadProcessMemory or WriteProcessMemory request was completed. (0x12B)
[0120/162039.320:ERROR:process_memory_win.cc(73)] ReadMemory at 0x1db4ac9e5e0 of 132 bytes failed: Only part of a ReadProcessMemory or WriteProcessMemory request was completed. (0x12B)
[0120/162039.320:ERROR:process_memory_win.cc(73)] ReadMemory at 0x1db4ac9e710 of 132 bytes failed: Only part of a ReadProcessMemory or WriteProcessMemory request was completed. (0x12B)
[0120/162039.320:ERROR:process_memory_win.cc(73)] ReadMemory at 0x1db4ac9e840 of 132 bytes failed: Only part of a ReadProcessMemory or WriteProcessMemory request was completed. (0x12B)
[0120/162039.320:ERROR:process_memory_win.cc(73)] ReadMemory at 0x1db4ac9e970 of 132 bytes failed: Only part of a ReadProcessMemory or WriteProcessMemory request was completed. (0x12B)
[0120/162039.320:ERROR:process_memory_win.cc(73)] ReadMemory at 0x1db4ac9eaa0 of 132 bytes failed: Only part of a ReadProcessMemory or WriteProcessMemory request was completed. (0x12B)
[0120/162039.320:ERROR:process_memory_win.cc(73)] ReadMemory at 0x1db4aca6580 of 54 bytes failed: Only part of a ReadProcessMemory or WriteProcessMemory request was completed. (0x12B)
[0120/162039.320:ERROR:process_memory_win.cc(73)] ReadMemory at 0x1db4aca6d80 of 64 bytes failed: Only part of a ReadProcessMemory or WriteProcessMemory request was completed. (0x12B)
[0120/162039.320:ERROR:process_memory_win.cc(73)] ReadMemory at 0x1db4aca6e20 of 60 bytes failed: Only part of a ReadProcessMemory or WriteProcessMemory request was completed. (0x12B)
[0120/162039.320:ERROR:process_memory_win.cc(73)] ReadMemory at 0x1db4aca6ec0 of 60 bytes failed: Only part of a ReadProcessMemory or WriteProcessMemory request was completed. (0x12B)
[0120/162039.320:ERROR:process_memory_win.cc(73)] ReadMemory at 0x1db4aca6f10 of 62 bytes failed: Only part of a ReadProcessMemory or WriteProcessMemory request was completed. (0x12B)
[0120/162039.320:ERROR:process_memory_win.cc(73)] ReadMemory at 0x1db4aca6f60 of 62 bytes failed: Only part of a ReadProcessMemory or WriteProcessMemory request was completed. (0x12B)
[0120/162039.320:ERROR:process_memory_win.cc(73)] ReadMemory at 0x1db4aca7190 of 62 bytes failed: Only part of a ReadProcessMemory or WriteProcessMemory request was completed. (0x12B)
[0120/162039.320:ERROR:process_memory_win.cc(73)] ReadMemory at 0x1db4aca7230 of 62 bytes failed: Only part of a ReadProcessMemory or WriteProcessMemory request was completed. (0x12B)
[0120/162039.320:ERROR:process_memory_win.cc(73)] ReadMemory at 0x1db4aca72d0 of 64 bytes failed: Only part of a ReadProcessMemory or WriteProcessMemory request was completed. (0x12B)
[0120/162039.320:ERROR:process_memory_win.cc(73)] ReadMemory at 0x1db4aca7320 of 64 bytes failed: Only part of a ReadProcessMemory or WriteProcessMemory request was completed. (0x12B)
[0120/162039.320:ERROR:process_memory_win.cc(73)] ReadMemory at 0x1db4aca7410 of 58 bytes failed: Only part of a ReadProcessMemory or WriteProcessMemory request was completed. (0x12B)
[0120/162039.320:ERROR:process_memory_win.cc(73)] ReadMemory at 0x1db4aca7460 of 62 bytes failed: Only part of a ReadProcessMemory or WriteProcessMemory request was completed. (0x12B)
[0120/162039.320:ERROR:process_memory_win.cc(73)] ReadMemory at 0x1db4aca74b0 of 60 bytes failed: Only part of a ReadProcessMemory or WriteProcessMemory request was completed. (0x12B)
[0120/162039.320:ERROR:process_memory_win.cc(73)] ReadMemory at 0x1db4aca7500 of 66 bytes failed: Only part of a ReadProcessMemory or WriteProcessMemory request was completed. (0x12B)
[0120/162039.320:ERROR:process_memory_win.cc(73)] ReadMemory at 0x1db4aca75a0 of 62 bytes failed: Only part of a ReadProcessMemory or WriteProcessMemory request was completed. (0x12B)
[0120/162039.320:ERROR:process_memory_win.cc(73)] ReadMemory at 0x1db4aca7640 of 64 bytes failed: Only part of a ReadProcessMemory or WriteProcessMemory request was completed. (0x12B)
[0120/162039.320:ERROR:process_memory_win.cc(73)] ReadMemory at 0x1db4aca7730 of 64 bytes failed: Only part of a ReadProcessMemory or WriteProcessMemory request was completed. (0x12B)
[0120/162039.320:ERROR:process_memory_win.cc(73)] ReadMemory at 0x1db4aca78c0 of 62 bytes failed: Only part of a ReadProcessMemory or WriteProcessMemory request was completed. (0x12B)
[0120/162039.320:ERROR:process_memory_win.cc(73)] ReadMemory at 0x1db4aca7aa0 of 62 bytes failed: Only part of a ReadProcessMemory or WriteProcessMemory request was completed. (0x12B)
[0120/162039.320:ERROR:process_memory_win.cc(73)] ReadMemory at 0x1db4aca7be0 of 60 bytes failed: Only part of a ReadProcessMemory or WriteProcessMemory request was completed. (0x12B)
[0120/162039.320:ERROR:process_memory_win.cc(73)] ReadMemory at 0x1db4aca9fc0 of 76 bytes failed: Only part of a ReadProcessMemory or WriteProcessMemory request was completed. (0x12B)
[0120/162039.320:ERROR:process_memory_win.cc(73)] ReadMemory at 0x1db4acaa5c0 of 78 bytes failed: Only part of a ReadProcessMemory or WriteProcessMemory request was completed. (0x12B)
[0120/162039.320:ERROR:process_memory_win.cc(73)] ReadMemory at 0x1db4acaa740 of 80 bytes failed: Only part of a ReadProcessMemory or WriteProcessMemory request was completed. (0x12B)
[0120/162039.320:ERROR:process_memory_win.cc(73)] ReadMemory at 0x1db4acb16e0 of 132 bytes failed: Only part of a ReadProcessMemory or WriteProcessMemory request was completed. (0x12B)
[0120/162039.320:ERROR:process_memory_win.cc(73)] ReadMemory at 0x1db4acb1810 of 132 bytes failed: Only part of a ReadProcessMemory or WriteProcessMemory request was completed. (0x12B)
[0120/162039.320:ERROR:process_memory_win.cc(73)] ReadMemory at 0x1db4acb1940 of 132 bytes failed: Only part of a ReadProcessMemory or WriteProcessMemory request was completed. (0x12B)
[0120/162039.320:ERROR:process_memory_win.cc(73)] ReadMemory at 0x1db4acb1a70 of 132 bytes failed: Only part of a ReadProcessMemory or WriteProcessMemory request was completed. (0x12B)
[0120/162039.320:ERROR:process_memory_win.cc(73)] ReadMemory at 0x1db4acb1cd0 of 132 bytes failed: Only part of a ReadProcessMemory or WriteProcessMemory request was completed. (0x12B)
[0120/162039.320:ERROR:process_memory_win.cc(73)] ReadMemory at 0x1db4acb1f30 of 132 bytes failed: Only part of a ReadProcessMemory or WriteProcessMemory request was completed. (0x12B)
[0120/162039.320:ERROR:process_memory_win.cc(73)] ReadMemory at 0x1db4acb2060 of 132 bytes failed: Only part of a ReadProcessMemory or WriteProcessMemory request was completed. (0x12B)
[0120/162039.320:ERROR:process_memory_win.cc(73)] ReadMemory at 0x1db4acb2190 of 132 bytes failed: Only part of a ReadProcessMemory or WriteProcessMemory request was completed. (0x12B)
[0120/162039.320:ERROR:process_memory_win.cc(73)] ReadMemory at 0x1db4acb22c0 of 132 bytes failed: Only part of a ReadProcessMemory or WriteProcessMemory request was completed. (0x12B)
[0120/162039.320:ERROR:process_memory_win.cc(73)] ReadMemory at 0x1db4acb23f0 of 132 bytes failed: Only part of a ReadProcessMemory or WriteProcessMemory request was completed. (0x12B)
[0120/162039.320:ERROR:process_memory_win.cc(73)] ReadMemory at 0x1db4acb2520 of 132 bytes failed: Only part of a ReadProcessMemory or WriteProcessMemory request was completed. (0x12B)
[0120/162039.320:ERROR:process_memory_win.cc(73)] ReadMemory at 0x1db4acb2780 of 132 bytes failed: Only part of a ReadProcessMemory or WriteProcessMemory request was completed. (0x12B)
[0120/162039.320:ERROR:process_memory_win.cc(73)] ReadMemory at 0x1db4acb29e0 of 132 bytes failed: Only part of a ReadProcessMemory or WriteProcessMemory request was completed. (0x12B)
[0120/162039.320:ERROR:process_memory_win.cc(73)] ReadMemory at 0x1db4acb2b10 of 132 bytes failed: Only part of a ReadProcessMemory or WriteProcessMemory request was completed. (0x12B)
[0120/162039.320:ERROR:process_memory_win.cc(73)] ReadMemory at 0x1db4acb2c40 of 132 bytes failed: Only part of a ReadProcessMemory or WriteProcessMemory request was completed. (0x12B)
[0120/162039.320:ERROR:process_memory_win.cc(73)] ReadMemory at 0x1db4acb2ea0 of 132 bytes failed: Only part of a ReadProcessMemory or WriteProcessMemory request was completed. (0x12B)
[0120/162039.320:ERROR:process_memory_win.cc(73)] ReadMemory at 0x1db4acb2fd0 of 132 bytes failed: Only part of a ReadProcessMemory or WriteProcessMemory request was completed. (0x12B)
[0120/162039.320:ERROR:process_memory_win.cc(73)] ReadMemory at 0x1db4acb3100 of 132 bytes failed: Only part of a ReadProcessMemory or WriteProcessMemory request was completed. (0x12B)
[0120/162039.320:ERROR:process_memory_win.cc(73)] ReadMemory at 0x1db4acb3360 of 132 bytes failed: Only part of a ReadProcessMemory or WriteProcessMemory request was completed. (0x12B)
[0120/162039.320:ERROR:process_memory_win.cc(73)] ReadMemory at 0x1db4acb3490 of 132 bytes failed: Only part of a ReadProcessMemory or WriteProcessMemory request was completed. (0x12B)
[0120/162039.336:ERROR:process_memory_win.cc(73)] ReadMemory at 0x1db4acb6330 of 64 bytes failed: Only part of a ReadProcessMemory or WriteProcessMemory request was completed. (0x12B)
[0120/162039.336:ERROR:process_memory_win.cc(73)] ReadMemory at 0x1db4acb6920 of 62 bytes failed: Only part of a ReadProcessMemory or WriteProcessMemory request was completed. (0x12B)
[0120/162039.336:ERROR:process_memory_win.cc(73)] ReadMemory at 0x1db4acb6a60 of 62 bytes failed: Only part of a ReadProcessMemory or WriteProcessMemory request was completed. (0x12B)
[0120/162039.336:ERROR:process_memory_win.cc(73)] ReadMemory at 0x1db4acb6e20 of 62 bytes failed: Only part of a ReadProcessMemory or WriteProcessMemory request was completed. (0x12B)
[0120/162039.336:ERROR:process_memory_win.cc(73)] ReadMemory at 0x1db4acc6f10 of 512 bytes failed: Only part of a ReadProcessMemory or WriteProcessMemory request was completed. (0x12B)
[0120/162039.336:ERROR:process_memory_win.cc(73)] ReadMemory at 0x1db4acc8690 of 512 bytes failed: Only part of a ReadProcessMemory or WriteProcessMemory request was completed. (0x12B)
[0120/162039.336:ERROR:process_memory_win.cc(73)] ReadMemory at 0x7ffadc4655d2 of 512 bytes failed: Only part of a ReadProcessMemory or WriteProcessMemory request was completed. (0x12B)
[0120/162039.336:ERROR:process_memory_win.cc(73)] ReadMemory at 0x7ffadda4648c of 512 bytes failed: Only part of a ReadProcessMemory or WriteProcessMemory request was completed. (0x12B)
[0120/162039.336:ERROR:process_memory_win.cc(73)] ReadMemory at 0x7ffaddeeef1c of 512 bytes failed: Only part of a ReadProcessMemory or WriteProcessMemory request was completed. (0x12B)
[0120/162039.336:ERROR:process_memory_win.cc(73)] ReadMemory at 0x7ffb312e90d9 of 512 bytes failed: Only part of a ReadProcessMemory or WriteProcessMemory request was completed. (0x12B)
[0120/162039.336:ERROR:process_memory_win.cc(73)] ReadMemory at 0x7ffb351025fd of 512 bytes failed: Only part of a ReadProcessMemory or WriteProcessMemory request was completed. (0x12B)
[0120/162039.336:ERROR:process_memory_win.cc(73)] ReadMemory at 0x7ffb3513ff00 of 512 bytes failed: Only part of a ReadProcessMemory or WriteProcessMemory request was completed. (0x12B)
[0120/162039.336:ERROR:process_memory_win.cc(73)] ReadMemory at 0x7ffb3518f764 of 672 bytes failed: Only part of a ReadProcessMemory or WriteProcessMemory request was completed. (0x12B)
[0120/162039.336:ERROR:process_memory_win.cc(73)] ReadMemory at 0x7ffb3518fd64 of 512 bytes failed: Only part of a ReadProcessMemory or WriteProcessMemory request was completed. (0x12B)
[0120/162039.336:ERROR:process_memory_win.cc(73)] ReadMemory at 0x7ffb35192ff4 of 608 bytes failed: Only part of a ReadProcessMemory or WriteProcessMemory request was completed. (0x12B)
[0120/162039.336:ERROR:process_memory_win.cc(73)] ReadMemory at 0x7ffb3521c0c8 of 18 bytes failed: Only part of a ReadProcessMemory or WriteProcessMemory request was completed. (0x12B)
[0120/162039.336:ERROR:process_memory_win.cc(73)] ReadMemory at 0x7ffb3524f4f8 of 40 bytes failed: Only part of a ReadProcessMemory or WriteProcessMemory request was completed. (0x12B)
[0120/162039.336:ERROR:process_memory_win.cc(73)] ReadMemory at 0x7ffb3524f978 of 48 bytes failed: Only part of a ReadProcessMemory or WriteProcessMemory request was completed. (0x12B)
[0120/162039.336:ERROR:process_memory_win.cc(73)] ReadMemory at 0x7ffb352553a0 of 64 bytes failed: Only part of a ReadProcessMemory or WriteProcessMemory request was completed. (0x12B)
[0120/162039.336:ERROR:scoped_process_suspend.cc(40)] NtResumeProcess: An attempt was made to access an exiting process. (0xc000010a)
[0608/144834.607:ERROR:process_reader_win.cc(151)] SuspendThread: Access is denied. (0x5)
[0608/144834.623:ERROR:process_reader_win.cc(123)] NtOpenThread: An invalid Client ID was specified. (0xc000000b)
[0608/144834.623:ERROR:process_reader_win.cc(123)] NtOpenThread: An invalid Client ID was specified. (0xc000000b)
[0608/144834.623:ERROR:process_memory_win.cc(73)] ReadMemory at 0x7edec34 of 8 bytes failed: Only part of a ReadProcessMemory or WriteProcessMemory request was completed. (0x12B)
[0608/144834.623:ERROR:exception_snapshot_win.cc(195)] EXCEPTION_POINTERS read failed
[0608/144834.623:ERROR:scoped_process_suspend.cc(40)] NtResumeProcess: An attempt was made to access an exiting process. (0xc000010a)
